0.2630649999991874	EXP	Created Window = Window( name=Window, fullscr=true, color=#808080, units=height, waitBlanking=true, autoLog=true, size=[1600,757] )
7.18988999999965	DATA	Keydown: undefined
8.859855000000607	EXP	Created loading_text = TextStim( name=loading_text, win=Window( name=Window, fullscr=true, color=#808080, ~), autoDraw=null, autoLog=true, units=height, pos=[0,0], size=undefined, ori=null, opacity=1, depth=-1, clipMask=null, boundingBox={"x":-0.4938684259412153,"y":-0.22192866578599735,~, text=Downloading additional resources. 

One moment ple~, alignHoriz=center, alignVert=center, flipHoriz=null, flipVert=null, font=Arial, height=0.1, wrapWidth=1, bold=null, italic=null, color=#FFFFFF, contrast=1 )
8.879559999999401	EXP	Created intro_text = TextStim( name=intro_text, win=Window( name=Window, fullscr=true, color=#808080, ~), autoDraw=null, autoLog=true, units=height, pos=[0,0], size=undefined, ori=null, opacity=1, depth=null, clipMask=null, boundingBox={"x":-0.4593068857331572,"y":-0.22457067371202113,~, text=demo_eye_tracking: starting webcam

This experimen~, alignHoriz=center, alignVert=center, flipHoriz=null, flipVert=null, font=Arial, height=0.04, wrapWidth=1, bold=null, italic=null, color=#FFFFFF, contrast=1 )
8.884125000000495	EXP	Created calibration_text = TextStim( name=calibration_text, win=Window( name=Window, fullscr=true, color=#808080, ~), autoDraw=null, autoLog=true, units=height, pos=[0,0], size=undefined, ori=null, opacity=1, depth=null, clipMask=null, boundingBox={"x":-0.4964020702608983,"y":-0.3143989431968296,"~, text=demo_eye_tracking: calibration

Now we'll calibrat~, alignHoriz=center, alignVert=center, flipHoriz=null, flipVert=null, font=Arial, height=0.04, wrapWidth=1, bold=null, italic=null, color=#FFFFFF, contrast=1 )
8.888655000000654	EXP	Created calibration_square = Rect( name=calibration_square, win=Window( name=Window, fullscr=true, color=#808080, ~), autoDraw=null, autoLog=true, units=height, pos=[0,0], size=[1,1], ori=null, opacity=1, depth=null, clipMask=null, boundingBox={"x":-0.01,"y":-0.01,"width":0.02,"height":0.02,"t~, vertices=[[-0.01,-0.01],[0.01,-0.01],[0.01,0.01],[-0.01,0.0~, closeShape=true, interpolate=true, lineWidth=null, lineColor=#ffffff, fillColor=#ffffff, contrast=1, width=0.02, height=0.02 )
8.891289999999572	EXP	Created tracking_square = Rect( name=tracking_square, win=Window( name=Window, fullscr=true, color=#808080, ~), autoDraw=null, autoLog=true, units=height, pos=[0,0], size=[1,1], ori=null, opacity=1, depth=null, clipMask=null, boundingBox={"x":-0.01,"y":-0.01,"width":0.02,"height":0.02,"t~, vertices=[[-0.01,-0.01],[0.01,-0.01],[0.01,0.01],[-0.01,0.0~, closeShape=true, interpolate=true, lineWidth=1.5, lineColor=#ffffff, fillColor=#000000, contrast=1, width=0.02, height=0.02 )
9.005095000000438	EXP	loading_text: units = height
9.005095000000438	EXP	loading_text: pos = [0,0]
9.005095000000438	EXP	loading_text: size = undefined
9.005095000000438	EXP	loading_text: ori = null
9.005095000000438	EXP	loading_text: opacity = 1
9.005095000000438	EXP	loading_text: depth = -1
9.005095000000438	EXP	loading_text: clipMask = null
9.005095000000438	EXP	loading_text: boundingBox = {"x":0,"y":0,"width":0,"height":0,"type":1}
9.005095000000438	EXP	loading_text: text = Downloading additional resources. 

One moment please...
9.005095000000438	EXP	loading_text: alignHoriz = center
9.005095000000438	EXP	loading_text: alignVert = center
9.005095000000438	EXP	loading_text: flipHoriz = null
9.005095000000438	EXP	loading_text: flipVert = null
9.005095000000438	EXP	loading_text: font = Arial
9.005095000000438	EXP	loading_text: height = 0.1
9.005095000000438	EXP	loading_text: wrapWidth = 1
9.005095000000438	EXP	loading_text: bold = null
9.005095000000438	EXP	loading_text: italic = null
9.005095000000438	EXP	loading_text: color = #FFFFFF
9.005095000000438	EXP	loading_text: contrast = 1
9.005095000000438	EXP	intro_text: units = height
9.005095000000438	EXP	intro_text: pos = [0,0]
9.005095000000438	EXP	intro_text: size = undefined
9.005095000000438	EXP	intro_text: ori = null
9.005095000000438	EXP	intro_text: opacity = 1
9.005095000000438	EXP	intro_text: depth = null
9.005095000000438	EXP	intro_text: clipMask = null
9.005095000000438	EXP	intro_text: boundingBox = {"x":0,"y":0,"width":0,"height":0,"type":1}
9.005095000000438	EXP	intro_text: text = demo_eye_tracking: starting webcam

This experiment demonstrates eye tracking via the webgazer library. 

You should see your web-browser request access to your webcam. You might need to click on this text to make that happen. Please permit access, and wait a little while. Your webcam video should appear in the top-left of the screen.
9.005095000000438	EXP	intro_text: alignHoriz = center
9.005095000000438	EXP	intro_text: alignVert = center
9.005095000000438	EXP	intro_text: flipHoriz = null
9.005095000000438	EXP	intro_text: flipVert = null
9.005095000000438	EXP	intro_text: font = Arial
9.005095000000438	EXP	intro_text: height = 0.04
9.005095000000438	EXP	intro_text: wrapWidth = 1
9.005095000000438	EXP	intro_text: bold = null
9.005095000000438	EXP	intro_text: italic = null
9.005095000000438	EXP	intro_text: color = #FFFFFF
9.005095000000438	EXP	intro_text: contrast = 1
9.005095000000438	EXP	calibration_text: units = height
9.005095000000438	EXP	calibration_text: pos = [0,0]
9.005095000000438	EXP	calibration_text: size = undefined
9.005095000000438	EXP	calibration_text: ori = null
9.005095000000438	EXP	calibration_text: opacity = 1
9.005095000000438	EXP	calibration_text: depth = null
9.005095000000438	EXP	calibration_text: clipMask = null
9.005095000000438	EXP	calibration_text: boundingBox = {"x":0,"y":0,"width":0,"height":0,"type":1}
9.005095000000438	EXP	calibration_text: text = demo_eye_tracking: calibration

Now we'll calibrate the eye tracker. Please try to keep your head still and within the rectangle you see in your webcam video. When you do so, the rectangle turns green.

In the next part of this experiment, the webcam video disappears. It will reappear when your head is too from the rectangle. If this happens, please move back into view. White squares appears at different locations on the screen. Please click each square with your mouse.

Click anywhere to continue...
9.005095000000438	EXP	calibration_text: alignHoriz = center
9.005095000000438	EXP	calibration_text: alignVert = center
9.005095000000438	EXP	calibration_text: flipHoriz = null
9.005095000000438	EXP	calibration_text: flipVert = null
9.005095000000438	EXP	calibration_text: font = Arial
9.005095000000438	EXP	calibration_text: height = 0.04
9.005095000000438	EXP	calibration_text: wrapWidth = 1
9.005095000000438	EXP	calibration_text: bold = null
9.005095000000438	EXP	calibration_text: italic = null
9.005095000000438	EXP	calibration_text: color = #FFFFFF
9.005095000000438	EXP	calibration_text: contrast = 1
9.005095000000438	EXP	calibration_square: units = height
9.005095000000438	EXP	calibration_square: pos = [0,0]
9.005095000000438	EXP	calibration_square: size = undefined
9.005095000000438	EXP	calibration_square: ori = null
9.005095000000438	EXP	calibration_square: opacity = 1
9.005095000000438	EXP	calibration_square: depth = null
9.005095000000438	EXP	calibration_square: clipMask = null
9.005095000000438	EXP	calibration_square: boundingBox = {"x":0,"y":0,"width":0,"height":0,"type":1}
9.005095000000438	EXP	calibration_square: size = [1,1]
9.005095000000438	EXP	calibration_square: vertices = [[-0.5,0],[0,0.5],[0.5,0]]
9.005095000000438	EXP	calibration_square: closeShape = true
9.005095000000438	EXP	calibration_square: interpolate = true
9.005095000000438	EXP	calibration_square: lineWidth = null
9.005095000000438	EXP	calibration_square: lineColor = #ffffff
9.005095000000438	EXP	calibration_square: fillColor = #ffffff
9.005095000000438	EXP	calibration_square: contrast = 1
9.005095000000438	EXP	calibration_square: opacity = 1
9.005095000000438	EXP	calibration_square: width = 0.02
9.005095000000438	EXP	calibration_square: height = 0.02
9.005095000000438	EXP	calibration_square: vertices = [[-0.01,-0.01],[0.01,-0.01],[0.01,0.01],[-0.01,0.01]]
9.005095000000438	EXP	tracking_square: units = height
9.005095000000438	EXP	tracking_square: pos = [0,0]
9.005095000000438	EXP	tracking_square: size = undefined
9.005095000000438	EXP	tracking_square: ori = null
9.005095000000438	EXP	tracking_square: opacity = 1
9.005095000000438	EXP	tracking_square: depth = null
9.005095000000438	EXP	tracking_square: clipMask = null
9.005095000000438	EXP	tracking_square: boundingBox = {"x":0,"y":0,"width":0,"height":0,"type":1}
9.005095000000438	EXP	tracking_square: size = [1,1]
9.005095000000438	EXP	tracking_square: vertices = [[-0.5,0],[0,0.5],[0.5,0]]
9.005095000000438	EXP	tracking_square: closeShape = true
9.005095000000438	EXP	tracking_square: interpolate = true
9.005095000000438	EXP	tracking_square: lineWidth = 1.5
9.005095000000438	EXP	tracking_square: lineColor = #ffffff
9.005095000000438	EXP	tracking_square: fillColor = #000000
9.005095000000438	EXP	tracking_square: contrast = 1
9.005095000000438	EXP	tracking_square: opacity = 1
9.005095000000438	EXP	tracking_square: width = 0.02
9.005095000000438	EXP	tracking_square: height = 0.02
9.005095000000438	EXP	tracking_square: vertices = [[-0.01,-0.01],[0.01,-0.01],[0.01,0.01],[-0.01,0.01]]
9.005095000000438	EXP	loading_text: autoDraw = true
10.890675000000556	EXP	loading_text: autoDraw = null
10.890675000000556	EXP	intro_text: autoDraw = true
41.84538500000053	EXP	intro_text: autoDraw = null
41.84538500000053	EXP	calibration_text: autoDraw = true
48.04923500000041	DATA	Mouse: 0 button down, pos=(880,728)
48.050115000000005	DATA	Mouse: 0 button down, pos=(880,728)
55.80662499999926	DATA	Mouse: 0 button down, pos=(809,695)
55.87255000000005	EXP	calibration_text: autoDraw = null
55.87255000000005	EXP	calibration_square: pos = [-0.26666666666666666,0.45]
55.87255000000005	EXP	calibration_square: autoDraw = true
55.998664999999164	DATA	Mouse: 0 button down, pos=(809,695)
86.58443500000067	DATA	Mouse: 0 button down, pos=(1031,610)
86.67178000000058	DATA	Mouse: 0 button down, pos=(1031,610)
109.39157999999952	DATA	Mouse: 0 button down, pos=(1029,603)
109.58546000000024	DATA	Mouse: 0 button down, pos=(1029,603)
116.46800000000076	DATA	Keydown: Escape
