0.06599999999999984	EXP	Created Window = Window( name=Window, fullscr=true, color=#808080, units=height, waitBlanking=true, autoLog=true, size=[1680,948] )
4.473999999999999	EXP	Created loading_text = TextStim( name=loading_text, win=Window( name=Window, fullscr=true, color=#808080, ~), autoDraw=null, autoLog=true, units=height, pos=[0,0], size=undefined, ori=null, opacity=1, depth=-1, clipMask=null, boundingBox={"x":-0.492967661926012,"y":-0.22151898734177214,"~, text=Downloading additional resources. 

One moment ple~, alignHoriz=center, alignVert=center, flipHoriz=null, flipVert=null, font=Arial, height=0.1, wrapWidth=1, bold=null, italic=null, color=#FFFFFF, contrast=1 )
4.4799999999999995	EXP	Created intro_text = TextStim( name=intro_text, win=Window( name=Window, fullscr=true, color=#808080, ~), autoDraw=null, autoLog=true, units=height, pos=[0,0], size=undefined, ori=null, opacity=1, depth=null, clipMask=null, boundingBox={"x":-0.4645218024273965,"y":-0.22151898734177214,~, text=demo_eye_tracking: starting webcam

This experimen~, alignHoriz=center, alignVert=center, flipHoriz=null, flipVert=null, font=Arial, height=0.04, wrapWidth=1, bold=null, italic=null, color=#FFFFFF, contrast=1 )
4.482	EXP	Created calibration_text = TextStim( name=calibration_text, win=Window( name=Window, fullscr=true, color=#808080, ~), autoDraw=null, autoLog=true, units=height, pos=[0,0], size=undefined, ori=null, opacity=1, depth=null, clipMask=null, boundingBox={"x":-0.4867879811218519,"y":-0.310126582278481,"w~, text=demo_eye_tracking: calibration

Now we'll calibrat~, alignHoriz=center, alignVert=center, flipHoriz=null, flipVert=null, font=Arial, height=0.04, wrapWidth=1, bold=null, italic=null, color=#FFFFFF, contrast=1 )
4.485	EXP	Created calibration_square = Rect( name=calibration_square, win=Window( name=Window, fullscr=true, color=#808080, ~), autoDraw=null, autoLog=true, units=height, pos=[0,0], size=[1,1], ori=null, opacity=1, depth=null, clipMask=null, boundingBox={"x":-0.01,"y":-0.01,"width":0.02,"height":0.02,"t~, vertices=[[-0.01,-0.01],[0.01,-0.01],[0.01,0.01],[-0.01,0.0~, closeShape=true, interpolate=true, lineWidth=null, lineColor=#ffffff, fillColor=#ffffff, contrast=1, width=0.02, height=0.02 )
4.486999999999999	EXP	Created tracking_square = Rect( name=tracking_square, win=Window( name=Window, fullscr=true, color=#808080, ~), autoDraw=null, autoLog=true, units=height, pos=[0,0], size=[1,1], ori=null, opacity=1, depth=null, clipMask=null, boundingBox={"x":-0.01,"y":-0.01,"width":0.02,"height":0.02,"t~, vertices=[[-0.01,-0.01],[0.01,-0.01],[0.01,0.01],[-0.01,0.0~, closeShape=true, interpolate=true, lineWidth=1.5, lineColor=#ffffff, fillColor=#000000, contrast=1, width=0.02, height=0.02 )
4.5249999999999995	EXP	loading_text: units = height
4.5249999999999995	EXP	loading_text: pos = [0,0]
4.5249999999999995	EXP	loading_text: size = undefined
4.5249999999999995	EXP	loading_text: ori = null
4.5249999999999995	EXP	loading_text: opacity = 1
4.5249999999999995	EXP	loading_text: depth = -1
4.5249999999999995	EXP	loading_text: clipMask = null
4.5249999999999995	EXP	loading_text: boundingBox = {"x":0,"y":0,"width":0,"height":0,"type":1}
4.5249999999999995	EXP	loading_text: text = Downloading additional resources. 

One moment please...
4.5249999999999995	EXP	loading_text: alignHoriz = center
4.5249999999999995	EXP	loading_text: alignVert = center
4.5249999999999995	EXP	loading_text: flipHoriz = null
4.5249999999999995	EXP	loading_text: flipVert = null
4.5249999999999995	EXP	loading_text: font = Arial
4.5249999999999995	EXP	loading_text: height = 0.1
4.5249999999999995	EXP	loading_text: wrapWidth = 1
4.5249999999999995	EXP	loading_text: bold = null
4.5249999999999995	EXP	loading_text: italic = null
4.5249999999999995	EXP	loading_text: color = #FFFFFF
4.5249999999999995	EXP	loading_text: contrast = 1
4.5249999999999995	EXP	intro_text: units = height
4.5249999999999995	EXP	intro_text: pos = [0,0]
4.5249999999999995	EXP	intro_text: size = undefined
4.5249999999999995	EXP	intro_text: ori = null
4.5249999999999995	EXP	intro_text: opacity = 1
4.5249999999999995	EXP	intro_text: depth = null
4.5249999999999995	EXP	intro_text: clipMask = null
4.5249999999999995	EXP	intro_text: boundingBox = {"x":0,"y":0,"width":0,"height":0,"type":1}
4.5249999999999995	EXP	intro_text: text = demo_eye_tracking: starting webcam

This experiment demonstrates eye tracking via the webgazer library. 

You should see your web-browser request access to your webcam. You might need to click on this text to make that happen. Please permit access, and wait a little while. Your webcam video should appear in the top-left of the screen.
4.5249999999999995	EXP	intro_text: alignHoriz = center
4.5249999999999995	EXP	intro_text: alignVert = center
4.5249999999999995	EXP	intro_text: flipHoriz = null
4.5249999999999995	EXP	intro_text: flipVert = null
4.5249999999999995	EXP	intro_text: font = Arial
4.5249999999999995	EXP	intro_text: height = 0.04
4.5249999999999995	EXP	intro_text: wrapWidth = 1
4.5249999999999995	EXP	intro_text: bold = null
4.5249999999999995	EXP	intro_text: italic = null
4.5249999999999995	EXP	intro_text: color = #FFFFFF
4.5249999999999995	EXP	intro_text: contrast = 1
4.5249999999999995	EXP	calibration_text: units = height
4.5249999999999995	EXP	calibration_text: pos = [0,0]
4.5249999999999995	EXP	calibration_text: size = undefined
4.5249999999999995	EXP	calibration_text: ori = null
4.5249999999999995	EXP	calibration_text: opacity = 1
4.5249999999999995	EXP	calibration_text: depth = null
4.5249999999999995	EXP	calibration_text: clipMask = null
4.5249999999999995	EXP	calibration_text: boundingBox = {"x":0,"y":0,"width":0,"height":0,"type":1}
4.5249999999999995	EXP	calibration_text: text = demo_eye_tracking: calibration

Now we'll calibrate the eye tracker. Please try to keep your head still and within the rectangle you see in your webcam video. When you do so, the rectangle turns green.

In the next part of this experiment, the webcam video disappears. It will reappear when your head is too from the rectangle. If this happens, please move back into view. White squares appears at different locations on the screen. Please click each square with your mouse.

Click anywhere to continue...
4.5249999999999995	EXP	calibration_text: alignHoriz = center
4.5249999999999995	EXP	calibration_text: alignVert = center
4.5249999999999995	EXP	calibration_text: flipHoriz = null
4.5249999999999995	EXP	calibration_text: flipVert = null
4.5249999999999995	EXP	calibration_text: font = Arial
4.5249999999999995	EXP	calibration_text: height = 0.04
4.5249999999999995	EXP	calibration_text: wrapWidth = 1
4.5249999999999995	EXP	calibration_text: bold = null
4.5249999999999995	EXP	calibration_text: italic = null
4.5249999999999995	EXP	calibration_text: color = #FFFFFF
4.5249999999999995	EXP	calibration_text: contrast = 1
4.5249999999999995	EXP	calibration_square: units = height
4.5249999999999995	EXP	calibration_square: pos = [0,0]
4.5249999999999995	EXP	calibration_square: size = undefined
4.5249999999999995	EXP	calibration_square: ori = null
4.5249999999999995	EXP	calibration_square: opacity = 1
4.5249999999999995	EXP	calibration_square: depth = null
4.5249999999999995	EXP	calibration_square: clipMask = null
4.5249999999999995	EXP	calibration_square: boundingBox = {"x":0,"y":0,"width":0,"height":0,"type":1}
4.5249999999999995	EXP	calibration_square: size = [1,1]
4.5249999999999995	EXP	calibration_square: vertices = [[-0.5,0],[0,0.5],[0.5,0]]
4.5249999999999995	EXP	calibration_square: closeShape = true
4.5249999999999995	EXP	calibration_square: interpolate = true
4.5249999999999995	EXP	calibration_square: lineWidth = null
4.5249999999999995	EXP	calibration_square: lineColor = #ffffff
4.5249999999999995	EXP	calibration_square: fillColor = #ffffff
4.5249999999999995	EXP	calibration_square: contrast = 1
4.5249999999999995	EXP	calibration_square: opacity = 1
4.5249999999999995	EXP	calibration_square: width = 0.02
4.5249999999999995	EXP	calibration_square: height = 0.02
4.5249999999999995	EXP	calibration_square: vertices = [[-0.01,-0.01],[0.01,-0.01],[0.01,0.01],[-0.01,0.01]]
4.5249999999999995	EXP	tracking_square: units = height
4.5249999999999995	EXP	tracking_square: pos = [0,0]
4.5249999999999995	EXP	tracking_square: size = undefined
4.5249999999999995	EXP	tracking_square: ori = null
4.5249999999999995	EXP	tracking_square: opacity = 1
4.5249999999999995	EXP	tracking_square: depth = null
4.5249999999999995	EXP	tracking_square: clipMask = null
4.5249999999999995	EXP	tracking_square: boundingBox = {"x":0,"y":0,"width":0,"height":0,"type":1}
4.5249999999999995	EXP	tracking_square: size = [1,1]
4.5249999999999995	EXP	tracking_square: vertices = [[-0.5,0],[0,0.5],[0.5,0]]
4.5249999999999995	EXP	tracking_square: closeShape = true
4.5249999999999995	EXP	tracking_square: interpolate = true
4.5249999999999995	EXP	tracking_square: lineWidth = 1.5
4.5249999999999995	EXP	tracking_square: lineColor = #ffffff
4.5249999999999995	EXP	tracking_square: fillColor = #000000
4.5249999999999995	EXP	tracking_square: contrast = 1
4.5249999999999995	EXP	tracking_square: opacity = 1
4.5249999999999995	EXP	tracking_square: width = 0.02
4.5249999999999995	EXP	tracking_square: height = 0.02
4.5249999999999995	EXP	tracking_square: vertices = [[-0.01,-0.01],[0.01,-0.01],[0.01,0.01],[-0.01,0.01]]
4.5249999999999995	EXP	loading_text: autoDraw = true
5.627	EXP	loading_text: autoDraw = null
5.627	EXP	intro_text: autoDraw = true
8.591000000000001	DATA	Keydown: Escape
