0.04300000000000004	EXP	Created Window = Window( name=Window, fullscr=true, color=#808080, units=height, waitBlanking=true, autoLog=true, size=[1410,862] )
1.813	EXP	Created loading_text = TextStim( name=loading_text, win=Window( name=Window, fullscr=true, color=#808080, ~), autoDraw=null, autoLog=true, units=height, pos=[0,0], size=undefined, ori=null, opacity=1, depth=-1, clipMask=null, boundingBox={"x":-0.4907776020519142,"y":-0.22505800464037123,~, text=Downloading additional resources. 

One moment ple~, alignHoriz=center, alignVert=center, flipHoriz=null, flipVert=null, font=Arial, height=0.1, wrapWidth=1, bold=null, italic=null, color=#FFFFFF, contrast=1 )
1.817	EXP	Created intro_text = TextStim( name=intro_text, win=Window( name=Window, fullscr=true, color=#808080, ~), autoDraw=null, autoLog=true, units=height, pos=[0,0], size=undefined, ori=null, opacity=1, depth=null, clipMask=null, boundingBox={"x":-0.49919280651827147,"y":-0.22621809744779584~, text=demo_eye_tracking: starting webcam

This experimen~, alignHoriz=center, alignVert=center, flipHoriz=null, flipVert=null, font=Arial, height=0.04, wrapWidth=1, bold=null, italic=null, color=#FFFFFF, contrast=1 )
1.8190000000000002	EXP	Created calibration_text = TextStim( name=calibration_text, win=Window( name=Window, fullscr=true, color=#808080, ~), autoDraw=null, autoLog=true, units=height, pos=[0,0], size=undefined, ori=null, opacity=1, depth=null, clipMask=null, boundingBox={"x":-0.4940601888776102,"y":-0.3167053364269142,"~, text=demo_eye_tracking: calibration

Now we'll calibrat~, alignHoriz=center, alignVert=center, flipHoriz=null, flipVert=null, font=Arial, height=0.04, wrapWidth=1, bold=null, italic=null, color=#FFFFFF, contrast=1 )
1.82	EXP	Created calibration_square = Rect( name=calibration_square, win=Window( name=Window, fullscr=true, color=#808080, ~), autoDraw=null, autoLog=true, units=height, pos=[0,0], size=[1,1], ori=null, opacity=1, depth=null, clipMask=null, boundingBox={"x":-0.010000000000000002,"y":-0.0100000000000000~, vertices=[[-0.01,-0.01],[0.01,-0.01],[0.01,0.01],[-0.01,0.0~, closeShape=true, interpolate=true, lineWidth=null, lineColor=#ffffff, fillColor=#ffffff, contrast=1, width=0.02, height=0.02 )
1.8220000000000003	EXP	Created tracking_square = Rect( name=tracking_square, win=Window( name=Window, fullscr=true, color=#808080, ~), autoDraw=null, autoLog=true, units=height, pos=[0,0], size=[1,1], ori=null, opacity=1, depth=null, clipMask=null, boundingBox={"x":-0.010000000000000002,"y":-0.0100000000000000~, vertices=[[-0.01,-0.01],[0.01,-0.01],[0.01,0.01],[-0.01,0.0~, closeShape=true, interpolate=true, lineWidth=1.5, lineColor=#ffffff, fillColor=#000000, contrast=1, width=0.02, height=0.02 )
1.8430000000000002	EXP	loading_text: units = height
1.8430000000000002	EXP	loading_text: pos = [0,0]
1.8430000000000002	EXP	loading_text: size = undefined
1.8430000000000002	EXP	loading_text: ori = null
1.8430000000000002	EXP	loading_text: opacity = 1
1.8430000000000002	EXP	loading_text: depth = -1
1.8430000000000002	EXP	loading_text: clipMask = null
1.8430000000000002	EXP	loading_text: boundingBox = {"x":0,"y":0,"width":0,"height":0,"type":1}
1.8430000000000002	EXP	loading_text: text = Downloading additional resources. 

One moment please...
1.8430000000000002	EXP	loading_text: alignHoriz = center
1.8430000000000002	EXP	loading_text: alignVert = center
1.8430000000000002	EXP	loading_text: flipHoriz = null
1.8430000000000002	EXP	loading_text: flipVert = null
1.8430000000000002	EXP	loading_text: font = Arial
1.8430000000000002	EXP	loading_text: height = 0.1
1.8430000000000002	EXP	loading_text: wrapWidth = 1
1.8430000000000002	EXP	loading_text: bold = null
1.8430000000000002	EXP	loading_text: italic = null
1.8430000000000002	EXP	loading_text: color = #FFFFFF
1.8430000000000002	EXP	loading_text: contrast = 1
1.8430000000000002	EXP	intro_text: units = height
1.8430000000000002	EXP	intro_text: pos = [0,0]
1.8430000000000002	EXP	intro_text: size = undefined
1.8430000000000002	EXP	intro_text: ori = null
1.8430000000000002	EXP	intro_text: opacity = 1
1.8430000000000002	EXP	intro_text: depth = null
1.8430000000000002	EXP	intro_text: clipMask = null
1.8430000000000002	EXP	intro_text: boundingBox = {"x":0,"y":0,"width":0,"height":0,"type":1}
1.8430000000000002	EXP	intro_text: text = demo_eye_tracking: starting webcam

This experiment demonstrates eye tracking via the webgazer library. 

You should see your web-browser request access to your webcam. You might need to click on this text to make that happen. Please permit access, and wait a little while. Your webcam video should appear in the top-left of the screen.
1.8430000000000002	EXP	intro_text: alignHoriz = center
1.8430000000000002	EXP	intro_text: alignVert = center
1.8430000000000002	EXP	intro_text: flipHoriz = null
1.8430000000000002	EXP	intro_text: flipVert = null
1.8430000000000002	EXP	intro_text: font = Arial
1.8430000000000002	EXP	intro_text: height = 0.04
1.8430000000000002	EXP	intro_text: wrapWidth = 1
1.8430000000000002	EXP	intro_text: bold = null
1.8430000000000002	EXP	intro_text: italic = null
1.8430000000000002	EXP	intro_text: color = #FFFFFF
1.8430000000000002	EXP	intro_text: contrast = 1
1.8430000000000002	EXP	calibration_text: units = height
1.8430000000000002	EXP	calibration_text: pos = [0,0]
1.8430000000000002	EXP	calibration_text: size = undefined
1.8430000000000002	EXP	calibration_text: ori = null
1.8430000000000002	EXP	calibration_text: opacity = 1
1.8430000000000002	EXP	calibration_text: depth = null
1.8430000000000002	EXP	calibration_text: clipMask = null
1.8430000000000002	EXP	calibration_text: boundingBox = {"x":0,"y":0,"width":0,"height":0,"type":1}
1.8430000000000002	EXP	calibration_text: text = demo_eye_tracking: calibration

Now we'll calibrate the eye tracker. Please try to keep your head still and within the rectangle you see in your webcam video. When you do so, the rectangle turns green.

In the next part of this experiment, the webcam video disappears. It will reappear when your head is too from the rectangle. If this happens, please move back into view. White squares appears at different locations on the screen. Please click each square with your mouse.

Click anywhere to continue...
1.8430000000000002	EXP	calibration_text: alignHoriz = center
1.8430000000000002	EXP	calibration_text: alignVert = center
1.8430000000000002	EXP	calibration_text: flipHoriz = null
1.8430000000000002	EXP	calibration_text: flipVert = null
1.8430000000000002	EXP	calibration_text: font = Arial
1.8430000000000002	EXP	calibration_text: height = 0.04
1.8430000000000002	EXP	calibration_text: wrapWidth = 1
1.8430000000000002	EXP	calibration_text: bold = null
1.8430000000000002	EXP	calibration_text: italic = null
1.8430000000000002	EXP	calibration_text: color = #FFFFFF
1.8430000000000002	EXP	calibration_text: contrast = 1
1.8430000000000002	EXP	calibration_square: units = height
1.8430000000000002	EXP	calibration_square: pos = [0,0]
1.8430000000000002	EXP	calibration_square: size = undefined
1.8430000000000002	EXP	calibration_square: ori = null
1.8430000000000002	EXP	calibration_square: opacity = 1
1.8430000000000002	EXP	calibration_square: depth = null
1.8430000000000002	EXP	calibration_square: clipMask = null
1.8430000000000002	EXP	calibration_square: boundingBox = {"x":0,"y":0,"width":0,"height":0,"type":1}
1.8430000000000002	EXP	calibration_square: size = [1,1]
1.8430000000000002	EXP	calibration_square: vertices = [[-0.5,0],[0,0.5],[0.5,0]]
1.8430000000000002	EXP	calibration_square: closeShape = true
1.8430000000000002	EXP	calibration_square: interpolate = true
1.8430000000000002	EXP	calibration_square: lineWidth = null
1.8430000000000002	EXP	calibration_square: lineColor = #ffffff
1.8430000000000002	EXP	calibration_square: fillColor = #ffffff
1.8430000000000002	EXP	calibration_square: contrast = 1
1.8430000000000002	EXP	calibration_square: opacity = 1
1.8430000000000002	EXP	calibration_square: width = 0.02
1.8430000000000002	EXP	calibration_square: height = 0.02
1.8430000000000002	EXP	calibration_square: vertices = [[-0.01,-0.01],[0.01,-0.01],[0.01,0.01],[-0.01,0.01]]
1.8430000000000002	EXP	tracking_square: units = height
1.8430000000000002	EXP	tracking_square: pos = [0,0]
1.8430000000000002	EXP	tracking_square: size = undefined
1.8430000000000002	EXP	tracking_square: ori = null
1.8430000000000002	EXP	tracking_square: opacity = 1
1.8430000000000002	EXP	tracking_square: depth = null
1.8430000000000002	EXP	tracking_square: clipMask = null
1.8430000000000002	EXP	tracking_square: boundingBox = {"x":0,"y":0,"width":0,"height":0,"type":1}
1.8430000000000002	EXP	tracking_square: size = [1,1]
1.8430000000000002	EXP	tracking_square: vertices = [[-0.5,0],[0,0.5],[0.5,0]]
1.8430000000000002	EXP	tracking_square: closeShape = true
1.8430000000000002	EXP	tracking_square: interpolate = true
1.8430000000000002	EXP	tracking_square: lineWidth = 1.5
1.8430000000000002	EXP	tracking_square: lineColor = #ffffff
1.8430000000000002	EXP	tracking_square: fillColor = #000000
1.8430000000000002	EXP	tracking_square: contrast = 1
1.8430000000000002	EXP	tracking_square: opacity = 1
1.8430000000000002	EXP	tracking_square: width = 0.02
1.8430000000000002	EXP	tracking_square: height = 0.02
1.8430000000000002	EXP	tracking_square: vertices = [[-0.01,-0.01],[0.01,-0.01],[0.01,0.01],[-0.01,0.01]]
1.8430000000000002	EXP	loading_text: autoDraw = true
2.6479999999999997	EXP	loading_text: autoDraw = null
2.6479999999999997	EXP	intro_text: autoDraw = true
9.869	EXP	intro_text: autoDraw = null
9.869	EXP	calibration_text: autoDraw = true
16.059	DATA	Mouse: 0 button down, pos=(1061,604)
16.101	EXP	calibration_text: autoDraw = null
16.101	EXP	calibration_square: pos = [-0.7999999999999999,-0.15]
16.101	EXP	calibration_square: autoDraw = true
16.198	DATA	Mouse: 0 button down, pos=(1061,604)
17.211	DATA	Mouse: wheel shift=(2,0), pos=(725,621)
17.328	DATA	Mouse: wheel shift=(15,-4), pos=(686,621)
17.457	DATA	Mouse: wheel shift=(8,0), pos=(686,621)
17.457	DATA	Mouse: wheel shift=(62,0), pos=(686,621)
17.546	DATA	Mouse: wheel shift=(6,0), pos=(687,621)
18.573	DATA	Mouse: 0 button down, pos=(95,699)
18.584	EXP	calibration_square: autoDraw = null
18.584	EXP	calibration_square: pos = [0.7999999999999999,0.15]
18.584	EXP	calibration_square: autoDraw = true
18.641000000000002	DATA	Mouse: 0 button down, pos=(95,699)
20.287	DATA	Mouse: 0 button down, pos=(1824,371)
20.292	EXP	calibration_square: autoDraw = null
20.292	EXP	calibration_square: pos = [0.7999999999999999,0.45]
20.292	EXP	calibration_square: autoDraw = true
20.339000000000002	DATA	Mouse: 0 button down, pos=(1824,371)
21.691	DATA	Mouse: 0 button down, pos=(1824,55)
21.697	EXP	calibration_square: autoDraw = null
21.697	EXP	calibration_square: pos = [0.7999999999999999,0.45]
21.697	EXP	calibration_square: autoDraw = true
21.743000000000006	DATA	Mouse: 0 button down, pos=(1824,55)
22.752000000000002	DATA	Mouse: 0 button down, pos=(1824,55)
22.757	EXP	calibration_square: autoDraw = null
22.757	EXP	calibration_square: pos = [-0.7999999999999999,-0.45]
22.757	EXP	calibration_square: autoDraw = true
22.803	DATA	Mouse: 0 button down, pos=(1824,55)
24.5	DATA	Mouse: 0 button down, pos=(88,1026)
24.505	EXP	calibration_square: autoDraw = null
24.505	EXP	calibration_square: pos = [-0.7999999999999999,0.45]
24.505	EXP	calibration_square: autoDraw = true
24.604	DATA	Mouse: 0 button down, pos=(88,1026)
26.114	DATA	Mouse: 0 button down, pos=(97,49)
26.121000000000002	EXP	calibration_square: autoDraw = null
26.121000000000002	EXP	calibration_square: pos = [0.26666666666666666,0.45]
26.121000000000002	EXP	calibration_square: autoDraw = true
26.167	DATA	Mouse: 0 button down, pos=(97,49)
28.184	DATA	Mouse: 0 button down, pos=(1250,48)
28.199	EXP	calibration_square: autoDraw = null
28.199	EXP	calibration_square: pos = [-0.7999999999999999,-0.45]
28.199	EXP	calibration_square: autoDraw = true
28.297	DATA	Mouse: 0 button down, pos=(1250,48)
30.082	DATA	Mouse: 0 button down, pos=(93,1024)
30.088	EXP	calibration_square: autoDraw = null
30.088	EXP	calibration_square: pos = [0.7999999999999999,-0.45]
30.088	EXP	calibration_square: autoDraw = true
30.133000000000003	DATA	Mouse: 0 button down, pos=(93,1024)
31.951000000000004	DATA	Mouse: 0 button down, pos=(1825,1026)
31.957000000000004	EXP	calibration_square: autoDraw = null
31.957000000000004	EXP	calibration_square: pos = [-0.26666666666666666,0.45]
31.957000000000004	EXP	calibration_square: autoDraw = true
32.055	DATA	Mouse: 0 button down, pos=(1825,1026)
33.717999999999996	DATA	Mouse: 0 button down, pos=(678,53)
33.723	EXP	calibration_square: autoDraw = null
33.723	EXP	calibration_square: pos = [0.26666666666666666,-0.45]
33.723	EXP	calibration_square: autoDraw = true
33.769999999999996	DATA	Mouse: 0 button down, pos=(678,53)
36.83	DATA	Mouse: 0 button down, pos=(1248,1024)
36.835	EXP	calibration_square: autoDraw = null
36.835	EXP	calibration_square: pos = [-0.26666666666666666,0.15]
36.835	EXP	calibration_square: autoDraw = true
36.881	DATA	Mouse: 0 button down, pos=(1248,1024)
38.44800000000001	DATA	Mouse: 0 button down, pos=(672,381)
38.455999999999996	EXP	calibration_square: autoDraw = null
38.455999999999996	EXP	calibration_square: pos = [-0.7999999999999999,0.15]
38.455999999999996	EXP	calibration_square: autoDraw = true
38.501999999999995	DATA	Mouse: 0 button down, pos=(672,381)
40.047999999999995	DATA	Mouse: 0 button down, pos=(87,375)
40.053	EXP	calibration_square: autoDraw = null
40.053	EXP	calibration_square: pos = [0.26666666666666666,-0.15]
40.053	EXP	calibration_square: autoDraw = true
40.096999999999994	DATA	Mouse: 0 button down, pos=(87,375)
41.515	DATA	Mouse: 0 button down, pos=(1246,694)
41.521	EXP	calibration_square: autoDraw = null
41.521	EXP	calibration_square: pos = [0.7999999999999999,-0.15]
41.521	EXP	calibration_square: autoDraw = true
41.565999999999995	DATA	Mouse: 0 button down, pos=(1246,694)
43.001	DATA	Mouse: 0 button down, pos=(1832,701)
43.007999999999996	EXP	calibration_square: autoDraw = null
43.007999999999996	EXP	calibration_square: pos = [0.7999999999999999,-0.45]
43.007999999999996	EXP	calibration_square: autoDraw = true
43.055	DATA	Mouse: 0 button down, pos=(1832,701)
44.971	DATA	Mouse: 0 button down, pos=(1828,1021)
44.976	EXP	calibration_square: autoDraw = null
44.976	EXP	calibration_square: pos = [-0.7999999999999999,0.45]
44.976	EXP	calibration_square: autoDraw = true
45.022	DATA	Mouse: 0 button down, pos=(1828,1021)
47.035	DATA	Mouse: 0 button down, pos=(94,55)
47.041	EXP	calibration_square: autoDraw = null
47.041	EXP	calibration_square: pos = [-0.26666666666666666,-0.45]
47.041	EXP	calibration_square: autoDraw = true
47.088	DATA	Mouse: 0 button down, pos=(94,55)
48.919999999999995	DATA	Mouse: 0 button down, pos=(675,1019)
48.925	EXP	calibration_square: autoDraw = null
48.925	EXP	calibration_square: pos = [0.26666666666666666,0.15]
48.925	EXP	calibration_square: autoDraw = true
48.971999999999994	DATA	Mouse: 0 button down, pos=(675,1019)
50.672	DATA	Mouse: 0 button down, pos=(1250,369)
50.677	EXP	calibration_square: autoDraw = null
50.677	EXP	calibration_square: pos = [-0.26666666666666666,-0.15]
50.677	EXP	calibration_square: autoDraw = true
50.723	DATA	Mouse: 0 button down, pos=(1250,369)
52.324999999999996	DATA	Mouse: 0 button down, pos=(676,700)
52.332	EXP	calibration_square: autoDraw = null
52.332	EXP	tracking_square: autoDraw = true
52.332	EXP	tracking_square: pos = [-0.048425925925925886,-0.02638888888888889]
52.382	EXP	tracking_square: pos = [-0.055092592592592596,-0.03027777777777782]
52.427	DATA	Mouse: 0 button down, pos=(676,700)
52.431999999999995	EXP	tracking_square: pos = [-0.0617592592592593,-0.034166666666666644]
52.48	EXP	tracking_square: pos = [-0.06583333333333335,-0.036759259259259304]
52.533	EXP	tracking_square: pos = [-0.0699074074074074,-0.03935185185185185]
52.582	EXP	tracking_square: pos = [-0.07259259259259257,-0.04111111111111109]
52.632999999999996	EXP	tracking_square: pos = [-0.07407407407407407,-0.042222222222222244]
52.681999999999995	EXP	tracking_square: pos = [-0.07435185185185181,-0.04268518518518521]
52.736999999999995	EXP	tracking_square: pos = [-0.07462962962962966,-0.04314814814814817]
52.794999999999995	EXP	tracking_square: pos = [-0.07157407407407403,-0.041666666666666664]
52.855999999999995	EXP	tracking_square: pos = [-0.06851851851851852,-0.040185185185185164]
52.916	EXP	tracking_square: pos = [-0.06287037037037035,-0.03722222222222227]
52.974	EXP	tracking_square: pos = [-0.05722222222222218,-0.03425925925925926]
53.028	EXP	tracking_square: pos = [-0.05064814814814819,-0.030555555555555555]
53.099999999999994	EXP	tracking_square: pos = [-0.04148148148148144,-0.02546296296296296]
53.162	EXP	tracking_square: pos = [-0.032314814814814796,-0.020370370370370372]
53.211999999999996	EXP	tracking_square: pos = [-0.023148148148148147,-0.015277777777777777]
53.26	EXP	tracking_square: pos = [-0.015185185185185164,-0.010833333333333375]
53.309999999999995	EXP	tracking_square: pos = [-0.00722222222222218,-0.006388888888888868]
53.358	EXP	tracking_square: pos = [-0.0007407407407406986,-0.002777777777777778]
53.413999999999994	EXP	tracking_square: pos = [0.005740740740740783,0.0008333333333333122]
53.461999999999996	EXP	tracking_square: pos = [0.010370370370370412,0.003425925925925968]
53.512	EXP	tracking_square: pos = [0.015000000000000043,0.0060185185185185185]
53.559999999999995	EXP	tracking_square: pos = [0.017592592592592594,0.007407407407407408]
53.614999999999995	EXP	tracking_square: pos = [0.017592592592592594,0.007407407407407408]
53.668	EXP	tracking_square: pos = [0.017592592592592594,0.007407407407407408]
53.717	EXP	tracking_square: pos = [0.017592592592592594,0.007407407407407408]
53.766	EXP	tracking_square: pos = [0.017592592592592594,0.007407407407407408]
53.821999999999996	EXP	tracking_square: pos = [0.017592592592592594,0.007407407407407408]
53.873	EXP	tracking_square: pos = [0.017592592592592594,0.007407407407407408]
53.924	EXP	tracking_square: pos = [0.017592592592592594,0.007407407407407408]
53.977	EXP	tracking_square: pos = [0.017592592592592594,0.007407407407407408]
54.025999999999996	EXP	tracking_square: pos = [0.017592592592592594,0.007407407407407408]
54.076	EXP	tracking_square: pos = [0.017592592592592594,0.007407407407407408]
54.129	EXP	tracking_square: pos = [0.017592592592592594,0.007407407407407408]
54.181999999999995	EXP	tracking_square: pos = [0.017592592592592594,0.007407407407407408]
54.233	EXP	tracking_square: pos = [0.017592592592592594,0.007407407407407408]
54.282	EXP	tracking_square: pos = [0.017592592592592594,0.007407407407407408]
54.333	EXP	tracking_square: pos = [0.017592592592592594,0.007407407407407408]
54.381	EXP	tracking_square: pos = [0.017592592592592594,0.007407407407407408]
54.434	EXP	tracking_square: pos = [0.017592592592592594,0.007407407407407408]
54.483	EXP	tracking_square: pos = [0.017592592592592594,0.007407407407407408]
54.546	EXP	tracking_square: pos = [0.017592592592592594,0.007407407407407408]
54.595	EXP	tracking_square: pos = [0.017592592592592594,0.007407407407407408]
54.644	EXP	tracking_square: pos = [0.017592592592592594,0.007407407407407408]
54.692	EXP	tracking_square: pos = [0.017592592592592594,0.007407407407407408]
54.744	EXP	tracking_square: pos = [0.017592592592592594,0.007407407407407408]
54.791	EXP	tracking_square: pos = [0.017592592592592594,0.007407407407407408]
54.842999999999996	EXP	tracking_square: pos = [0.017592592592592594,0.007407407407407408]
54.891	EXP	tracking_square: pos = [0.017592592592592594,0.007407407407407408]
54.942	EXP	tracking_square: pos = [0.017592592592592594,0.007407407407407408]
54.992999999999995	EXP	tracking_square: pos = [0.017592592592592594,0.007407407407407408]
55.043	EXP	tracking_square: pos = [0.017592592592592594,0.007407407407407408]
55.092	EXP	tracking_square: pos = [0.017592592592592594,0.007407407407407408]
55.144	EXP	tracking_square: pos = [0.017592592592592594,0.007407407407407408]
55.202999999999996	EXP	tracking_square: pos = [0.017592592592592594,0.007407407407407408]
55.251	EXP	tracking_square: pos = [0.017592592592592594,0.007407407407407408]
55.3	EXP	tracking_square: pos = [0.017592592592592594,0.007407407407407408]
55.35	EXP	tracking_square: pos = [0.017592592592592594,0.007407407407407408]
55.4	EXP	tracking_square: pos = [0.017592592592592594,0.007407407407407408]
55.452999999999996	EXP	tracking_square: pos = [0.017592592592592594,0.007407407407407408]
55.501	EXP	tracking_square: pos = [0.017592592592592594,0.007407407407407408]
55.55	EXP	tracking_square: pos = [0.017592592592592594,0.007407407407407408]
55.601	EXP	tracking_square: pos = [0.017592592592592594,0.007407407407407408]
55.666	EXP	tracking_square: pos = [0.017592592592592594,0.007407407407407408]
55.735	EXP	tracking_square: pos = [0.017592592592592594,0.007407407407407408]
55.791	EXP	tracking_square: pos = [0.017592592592592594,0.007407407407407408]
55.842	EXP	tracking_square: pos = [0.017592592592592594,0.007407407407407408]
55.897	EXP	tracking_square: pos = [0.017592592592592594,0.007407407407407408]
55.951	EXP	tracking_square: pos = [0.017592592592592594,0.007407407407407408]
56.001999999999995	EXP	tracking_square: pos = [0.017592592592592594,0.007407407407407408]
56.050999999999995	EXP	tracking_square: pos = [0.017592592592592594,0.007407407407407408]
56.105	EXP	tracking_square: pos = [0.017592592592592594,0.007407407407407408]
56.172	EXP	tracking_square: pos = [0.017592592592592594,0.007407407407407408]
56.23	EXP	tracking_square: pos = [0.017592592592592594,0.007407407407407408]
56.288	EXP	tracking_square: pos = [0.017592592592592594,0.007407407407407408]
56.352999999999994	EXP	tracking_square: pos = [0.017592592592592594,0.007407407407407408]
56.413999999999994	EXP	tracking_square: pos = [0.017592592592592594,0.007407407407407408]
56.474	EXP	tracking_square: pos = [0.017592592592592594,0.007407407407407408]
56.538	EXP	tracking_square: pos = [0.017592592592592594,0.007407407407407408]
56.595	EXP	tracking_square: pos = [0.017592592592592594,0.007407407407407408]
56.653	EXP	tracking_square: pos = [0.017592592592592594,0.007407407407407408]
56.714	EXP	tracking_square: pos = [0.017592592592592594,0.007407407407407408]
56.774	EXP	tracking_square: pos = [0.017592592592592594,0.007407407407407408]
56.838	EXP	tracking_square: pos = [0.017592592592592594,0.007407407407407408]
56.906	EXP	tracking_square: pos = [0.017592592592592594,0.007407407407407408]
56.957	EXP	tracking_square: pos = [0.017592592592592594,0.007407407407407408]
57.007	EXP	tracking_square: pos = [0.017592592592592594,0.007407407407407408]
57.065	EXP	tracking_square: pos = [0.017592592592592594,0.007407407407407408]
57.114999999999995	EXP	tracking_square: pos = [0.017592592592592594,0.007407407407407408]
57.165	EXP	tracking_square: pos = [0.017592592592592594,0.007407407407407408]
57.216	EXP	tracking_square: pos = [0.017592592592592594,0.007407407407407408]
57.265	EXP	tracking_square: pos = [0.017592592592592594,0.007407407407407408]
57.315	EXP	tracking_square: pos = [0.017592592592592594,0.007407407407407408]
57.369	EXP	tracking_square: pos = [0.017592592592592594,0.007407407407407408]
57.419	EXP	tracking_square: pos = [0.017592592592592594,0.007407407407407408]
57.469	EXP	tracking_square: pos = [0.017592592592592594,0.007407407407407408]
57.516999999999996	EXP	tracking_square: pos = [0.017592592592592594,0.007407407407407408]
57.565999999999995	EXP	tracking_square: pos = [0.017592592592592594,0.007407407407407408]
57.616	EXP	tracking_square: pos = [0.017592592592592594,0.007407407407407408]
57.666999999999994	EXP	tracking_square: pos = [0.017592592592592594,0.007407407407407408]
57.714999999999996	EXP	tracking_square: pos = [0.017592592592592594,0.007407407407407408]
57.765	EXP	tracking_square: pos = [0.017592592592592594,0.007407407407407408]
57.824	EXP	tracking_square: pos = [0.017592592592592594,0.007407407407407408]
57.873999999999995	EXP	tracking_square: pos = [0.017592592592592594,0.007407407407407408]
57.921	EXP	tracking_square: pos = [0.017592592592592594,0.007407407407407408]
57.973	EXP	tracking_square: pos = [0.017592592592592594,0.007407407407407408]
58.022999999999996	EXP	tracking_square: pos = [0.017592592592592594,0.007407407407407408]
58.080999999999996	EXP	tracking_square: pos = [0.017592592592592594,0.007407407407407408]
58.128	EXP	tracking_square: pos = [0.017592592592592594,0.007407407407407408]
58.187	EXP	tracking_square: pos = [0.017592592592592594,0.007407407407407408]
58.242999999999995	EXP	tracking_square: pos = [0.017592592592592594,0.007407407407407408]
58.309	EXP	tracking_square: pos = [0.017592592592592594,0.007407407407407408]
58.373	EXP	tracking_square: pos = [0.017592592592592594,0.007407407407407408]
58.424	EXP	tracking_square: pos = [0.017592592592592594,0.007407407407407408]
58.485	EXP	tracking_square: pos = [0.017592592592592594,0.007407407407407408]
58.547999999999995	EXP	tracking_square: pos = [0.017592592592592594,0.007407407407407408]
58.596	EXP	tracking_square: pos = [0.017592592592592594,0.007407407407407408]
58.646	EXP	tracking_square: pos = [0.017592592592592594,0.007407407407407408]
58.693	EXP	tracking_square: pos = [0.017592592592592594,0.007407407407407408]
58.745	EXP	tracking_square: pos = [0.017592592592592594,0.007407407407407408]
58.791999999999994	EXP	tracking_square: pos = [0.017592592592592594,0.007407407407407408]
58.846	EXP	tracking_square: pos = [0.017592592592592594,0.007407407407407408]
58.893	EXP	tracking_square: pos = [0.017592592592592594,0.007407407407407408]
58.946999999999996	EXP	tracking_square: pos = [0.017592592592592594,0.007407407407407408]
58.998999999999995	EXP	tracking_square: pos = [0.017592592592592594,0.007407407407407408]
59.053	EXP	tracking_square: pos = [0.017592592592592594,0.007407407407407408]
59.102	EXP	tracking_square: pos = [0.017592592592592594,0.007407407407407408]
59.152	EXP	tracking_square: pos = [0.017592592592592594,0.007407407407407408]
59.201	EXP	tracking_square: pos = [0.017592592592592594,0.007407407407407408]
59.254999999999995	EXP	tracking_square: pos = [0.017592592592592594,0.007407407407407408]
59.303999999999995	EXP	tracking_square: pos = [0.017592592592592594,0.007407407407407408]
59.352999999999994	EXP	tracking_square: pos = [0.017592592592592594,0.007407407407407408]
59.402	EXP	tracking_square: pos = [0.017592592592592594,0.007407407407407408]
59.452999999999996	EXP	tracking_square: pos = [0.017592592592592594,0.007407407407407408]
59.512	EXP	tracking_square: pos = [0.017592592592592594,0.007407407407407408]
59.559	EXP	tracking_square: pos = [0.017592592592592594,0.007407407407407408]
59.608999999999995	EXP	tracking_square: pos = [0.017592592592592594,0.007407407407407408]
59.658	EXP	tracking_square: pos = [0.017592592592592594,0.007407407407407408]
59.708	EXP	tracking_square: pos = [0.017592592592592594,0.007407407407407408]
59.766999999999996	EXP	tracking_square: pos = [0.017592592592592594,0.007407407407407408]
59.818	EXP	tracking_square: pos = [0.017592592592592594,0.007407407407407408]
59.867999999999995	EXP	tracking_square: pos = [0.017592592592592594,0.007407407407407408]
59.919	EXP	tracking_square: pos = [0.017592592592592594,0.007407407407407408]
59.967999999999996	EXP	tracking_square: pos = [0.017592592592592594,0.007407407407407408]
60.027	EXP	tracking_square: pos = [0.017592592592592594,0.007407407407407408]
60.077	EXP	tracking_square: pos = [0.017592592592592594,0.007407407407407408]
60.125	EXP	tracking_square: pos = [0.017592592592592594,0.007407407407407408]
60.175	EXP	tracking_square: pos = [0.017592592592592594,0.007407407407407408]
60.224	EXP	tracking_square: pos = [0.017592592592592594,0.007407407407407408]
60.278999999999996	EXP	tracking_square: pos = [0.017592592592592594,0.007407407407407408]
60.327999999999996	EXP	tracking_square: pos = [0.017592592592592594,0.007407407407407408]
60.376999999999995	EXP	tracking_square: pos = [0.017592592592592594,0.007407407407407408]
60.425	EXP	tracking_square: pos = [0.017592592592592594,0.007407407407407408]
60.475	EXP	tracking_square: pos = [0.017592592592592594,0.007407407407407408]
60.522999999999996	EXP	tracking_square: pos = [0.017592592592592594,0.007407407407407408]
60.574999999999996	EXP	tracking_square: pos = [0.017592592592592594,0.007407407407407408]
60.631	EXP	tracking_square: pos = [0.017592592592592594,0.007407407407407408]
60.683	EXP	tracking_square: pos = [0.017592592592592594,0.007407407407407408]
60.733999999999995	EXP	tracking_square: pos = [0.017592592592592594,0.007407407407407408]
60.8	EXP	tracking_square: pos = [0.017592592592592594,0.007407407407407408]
60.864	EXP	tracking_square: pos = [0.017592592592592594,0.007407407407407408]
60.922999999999995	EXP	tracking_square: pos = [0.017592592592592594,0.007407407407407408]
60.975	EXP	tracking_square: pos = [0.017592592592592594,0.007407407407407408]
61.024	EXP	tracking_square: pos = [0.017592592592592594,0.007407407407407408]
61.080999999999996	EXP	tracking_square: pos = [0.017592592592592594,0.007407407407407408]
61.129	EXP	tracking_square: pos = [0.017592592592592594,0.007407407407407408]
61.178999999999995	EXP	tracking_square: pos = [0.017592592592592594,0.007407407407407408]
61.226	EXP	tracking_square: pos = [0.017592592592592594,0.007407407407407408]
61.278	EXP	tracking_square: pos = [0.017592592592592594,0.007407407407407408]
61.327999999999996	EXP	tracking_square: pos = [0.017592592592592594,0.007407407407407408]
61.378	EXP	tracking_square: pos = [0.017592592592592594,0.007407407407407408]
61.427	DATA	Mouse: 0 button down, pos=(1369,464)
61.431999999999995	EXP	tracking_square: pos = [0.017592592592592594,0.007407407407407408]
61.479	DATA	Mouse: 0 button down, pos=(1369,464)
61.483	EXP	tracking_square: pos = [0.017592592592592594,0.007407407407407408]
61.532	EXP	tracking_square: pos = [0.017592592592592594,0.007407407407407408]
61.583	EXP	tracking_square: pos = [0.017592592592592594,0.007407407407407408]
61.635	EXP	tracking_square: pos = [0.017592592592592594,0.007407407407407408]
61.689	EXP	tracking_square: pos = [0.017592592592592594,0.007407407407407408]
61.751	EXP	tracking_square: pos = [0.017592592592592594,0.007407407407407408]
61.812	EXP	tracking_square: pos = [0.017592592592592594,0.007407407407407408]
61.88399999999999	EXP	tracking_square: pos = [0.017592592592592594,0.007407407407407408]
61.949	EXP	tracking_square: pos = [0.017592592592592594,0.007407407407407408]
62.015	EXP	tracking_square: pos = [0.017592592592592594,0.007407407407407408]
62.068999999999996	EXP	tracking_square: pos = [0.017592592592592594,0.007407407407407408]
62.135	EXP	tracking_square: pos = [0.017592592592592594,0.007407407407407408]
62.201	EXP	tracking_square: pos = [0.017592592592592594,0.007407407407407408]
62.260999999999996	EXP	tracking_square: pos = [0.017592592592592594,0.007407407407407408]
62.324	EXP	tracking_square: pos = [0.017592592592592594,0.007407407407407408]
62.381	EXP	tracking_square: pos = [0.017592592592592594,0.007407407407407408]
62.436	EXP	tracking_square: pos = [0.017592592592592594,0.007407407407407408]
62.488	EXP	tracking_square: pos = [0.017592592592592594,0.007407407407407408]
62.546	EXP	tracking_square: pos = [0.017592592592592594,0.007407407407407408]
62.595	EXP	tracking_square: pos = [0.017592592592592594,0.007407407407407408]
62.652	EXP	tracking_square: pos = [0.017592592592592594,0.007407407407407408]
62.702999999999996	EXP	tracking_square: pos = [0.017592592592592594,0.007407407407407408]
62.754	EXP	tracking_square: pos = [0.017592592592592594,0.007407407407407408]
62.803999999999995	EXP	tracking_square: pos = [0.017592592592592594,0.007407407407407408]
62.864	EXP	tracking_square: pos = [0.017592592592592594,0.007407407407407408]
62.919	EXP	tracking_square: pos = [0.017592592592592594,0.007407407407407408]
62.971	EXP	tracking_square: pos = [0.017592592592592594,0.007407407407407408]
63.028	EXP	tracking_square: pos = [0.017592592592592594,0.007407407407407408]
63.085	EXP	tracking_square: pos = [0.017592592592592594,0.007407407407407408]
63.135	EXP	tracking_square: pos = [0.017592592592592594,0.007407407407407408]
63.186	EXP	tracking_square: pos = [0.017592592592592594,0.007407407407407408]
63.235	EXP	tracking_square: pos = [0.017592592592592594,0.007407407407407408]
63.285	EXP	tracking_square: pos = [0.017592592592592594,0.007407407407407408]
63.331999999999994	DATA	Mouse: 0 button down, pos=(976,533)
63.336	EXP	tracking_square: pos = [0.017592592592592594,0.007407407407407408]
63.382999999999996	DATA	Mouse: 0 button down, pos=(976,533)
63.387	EXP	tracking_square: pos = [0.017592592592592594,0.007407407407407408]
63.446	EXP	tracking_square: pos = [0.017592592592592594,0.007407407407407408]
63.497	EXP	tracking_square: pos = [0.017592592592592594,0.007407407407407408]
63.54599999999999	EXP	tracking_square: pos = [0.017592592592592594,0.007407407407407408]
63.593999999999994	EXP	tracking_square: pos = [0.017592592592592594,0.007407407407407408]
63.646	EXP	tracking_square: pos = [0.017592592592592594,0.007407407407407408]
63.69499999999999	EXP	tracking_square: pos = [0.017592592592592594,0.007407407407407408]
63.745000000000005	EXP	tracking_square: pos = [0.017592592592592594,0.007407407407407408]
63.794	EXP	tracking_square: pos = [0.017592592592592594,0.007407407407407408]
63.843999999999994	EXP	tracking_square: pos = [0.017592592592592594,0.007407407407407408]
63.89399999999999	EXP	tracking_square: pos = [0.017592592592592594,0.007407407407407408]
63.944	EXP	tracking_square: pos = [0.017592592592592594,0.007407407407407408]
63.994	EXP	tracking_square: pos = [0.017592592592592594,0.007407407407407408]
64.044	EXP	tracking_square: pos = [0.017592592592592594,0.007407407407407408]
64.094	EXP	tracking_square: pos = [0.017592592592592594,0.007407407407407408]
64.142	DATA	Mouse: 0 button down, pos=(976,533)
64.14699999999999	EXP	tracking_square: pos = [0.017592592592592594,0.007407407407407408]
64.207	EXP	tracking_square: pos = [0.017592592592592594,0.007407407407407408]
64.257	EXP	tracking_square: pos = [0.017592592592592594,0.007407407407407408]
64.309	EXP	tracking_square: pos = [0.017592592592592594,0.007407407407407408]
64.357	DATA	Mouse: 0 button down, pos=(976,533)
64.362	EXP	tracking_square: pos = [0.017592592592592594,0.007407407407407408]
64.411	EXP	tracking_square: pos = [0.017592592592592594,0.007407407407407408]
64.464	EXP	tracking_square: pos = [0.017592592592592594,0.007407407407407408]
64.515	EXP	tracking_square: pos = [0.017592592592592594,0.007407407407407408]
64.564	EXP	tracking_square: pos = [0.017592592592592594,0.007407407407407408]
64.618	EXP	tracking_square: pos = [0.017592592592592594,0.007407407407407408]
64.67099999999999	EXP	tracking_square: pos = [0.017592592592592594,0.007407407407407408]
64.739	EXP	tracking_square: pos = [0.017592592592592594,0.007407407407407408]
64.79899999999999	EXP	tracking_square: pos = [0.017592592592592594,0.007407407407407408]
64.859	EXP	tracking_square: pos = [0.017592592592592594,0.007407407407407408]
64.913	EXP	tracking_square: pos = [0.017592592592592594,0.007407407407407408]
64.961	EXP	tracking_square: pos = [0.017592592592592594,0.007407407407407408]
65.012	EXP	tracking_square: pos = [0.017592592592592594,0.007407407407407408]
65.06	EXP	tracking_square: pos = [0.017592592592592594,0.007407407407407408]
65.11	EXP	tracking_square: pos = [0.017592592592592594,0.007407407407407408]
65.16	EXP	tracking_square: pos = [0.017592592592592594,0.007407407407407408]
65.211	EXP	tracking_square: pos = [0.017592592592592594,0.007407407407407408]
65.259	EXP	tracking_square: pos = [0.017592592592592594,0.007407407407407408]
65.31	EXP	tracking_square: pos = [0.017592592592592594,0.007407407407407408]
65.369	EXP	tracking_square: pos = [0.017592592592592594,0.007407407407407408]
65.42099999999999	EXP	tracking_square: pos = [0.017592592592592594,0.007407407407407408]
65.469	EXP	tracking_square: pos = [0.017592592592592594,0.007407407407407408]
65.523	EXP	tracking_square: pos = [0.017592592592592594,0.007407407407407408]
65.573	EXP	tracking_square: pos = [0.017592592592592594,0.007407407407407408]
65.624	EXP	tracking_square: pos = [0.017592592592592594,0.007407407407407408]
65.672	EXP	tracking_square: pos = [0.017592592592592594,0.007407407407407408]
65.723	EXP	tracking_square: pos = [0.017592592592592594,0.007407407407407408]
65.789	EXP	tracking_square: pos = [0.017592592592592594,0.007407407407407408]
65.84	EXP	tracking_square: pos = [0.017592592592592594,0.007407407407407408]
65.892	EXP	tracking_square: pos = [0.017592592592592594,0.007407407407407408]
65.941	EXP	tracking_square: pos = [0.017592592592592594,0.007407407407407408]
65.992	EXP	tracking_square: pos = [0.017592592592592594,0.007407407407407408]
66.078	EXP	tracking_square: pos = [0.017592592592592594,0.007407407407407408]
66.22	EXP	tracking_square: pos = [0.017592592592592594,0.007407407407407408]
66.361	EXP	tracking_square: pos = [0.017592592592592594,0.007407407407407408]
66.465	EXP	tracking_square: pos = [0.017592592592592594,0.007407407407407408]
66.54899999999999	EXP	tracking_square: pos = [0.017592592592592594,0.007407407407407408]
66.634	EXP	tracking_square: pos = [0.017592592592592594,0.007407407407407408]
66.837	EXP	tracking_square: pos = [0.2824742268041237,-0.04845360824742268]
66.902	EXP	tracking_square: pos = [0.31786542923433875,-0.11716937354988399]
66.964	EXP	tracking_square: pos = [0.31786542923433875,-0.11716937354988399]
67.01899999999999	EXP	tracking_square: pos = [0.31786542923433875,-0.11716937354988399]
67.068	EXP	tracking_square: pos = [0.31786542923433875,-0.11716937354988399]
67.122	EXP	tracking_square: pos = [0.31786542923433875,-0.11716937354988399]
67.175	EXP	tracking_square: pos = [0.31786542923433875,-0.11716937354988399]
67.243	EXP	tracking_square: pos = [0.31786542923433875,-0.11716937354988399]
67.317	EXP	tracking_square: pos = [0.31786542923433875,-0.11716937354988399]
67.384	EXP	tracking_square: pos = [0.31786542923433875,-0.11716937354988399]
67.43599999999999	EXP	tracking_square: pos = [0.31786542923433875,-0.11716937354988399]
67.494	EXP	tracking_square: pos = [0.31786542923433875,-0.11716937354988399]
67.553	EXP	tracking_square: pos = [0.31786542923433875,-0.11716937354988399]
67.60800000000002	EXP	tracking_square: pos = [0.31786542923433875,-0.11716937354988399]
67.66199999999999	EXP	tracking_square: pos = [0.31786542923433875,-0.11716937354988399]
67.712	EXP	tracking_square: pos = [0.31786542923433875,-0.11716937354988399]
67.765	EXP	tracking_square: pos = [0.31786542923433875,-0.11716937354988399]
67.822	EXP	tracking_square: pos = [0.31786542923433875,-0.11716937354988399]
67.872	EXP	tracking_square: pos = [0.31786542923433875,-0.11716937354988399]
67.934	EXP	tracking_square: pos = [0.31786542923433875,-0.11716937354988399]
67.987	EXP	tracking_square: pos = [0.31786542923433875,-0.11716937354988399]
68.035	EXP	tracking_square: pos = [0.31786542923433875,-0.11716937354988399]
68.09	EXP	tracking_square: pos = [0.31786542923433875,-0.11716937354988399]
68.137	EXP	tracking_square: pos = [0.31786542923433875,-0.11716937354988399]
68.188	EXP	tracking_square: pos = [0.31786542923433875,-0.11716937354988399]
68.237	EXP	tracking_square: pos = [0.31786542923433875,-0.11716937354988399]
68.28699999999999	EXP	tracking_square: pos = [0.31786542923433875,-0.11716937354988399]
68.337	EXP	tracking_square: pos = [0.31786542923433875,-0.11716937354988399]
68.389	EXP	tracking_square: pos = [0.31786542923433875,-0.11716937354988399]
68.438	EXP	tracking_square: pos = [0.31786542923433875,-0.11716937354988399]
68.488	EXP	tracking_square: pos = [0.31786542923433875,-0.11716937354988399]
68.542	EXP	tracking_square: pos = [0.31786542923433875,-0.11716937354988399]
68.599	EXP	tracking_square: pos = [0.31786542923433875,-0.11716937354988399]
68.651	EXP	tracking_square: pos = [0.31786542923433875,-0.11716937354988399]
68.7	EXP	tracking_square: pos = [0.31786542923433875,-0.11716937354988399]
68.763	EXP	tracking_square: pos = [0.31786542923433875,-0.11716937354988399]
68.816	EXP	tracking_square: pos = [0.31786542923433875,-0.11716937354988399]
68.866	EXP	tracking_square: pos = [0.31786542923433875,-0.11716937354988399]
68.917	EXP	tracking_square: pos = [0.31786542923433875,-0.11716937354988399]
68.976	EXP	tracking_square: pos = [0.31786542923433875,-0.11716937354988399]
69.02799999999999	EXP	tracking_square: pos = [0.31786542923433875,-0.11716937354988399]
69.078	EXP	tracking_square: pos = [0.31786542923433875,-0.11716937354988399]
69.129	EXP	tracking_square: pos = [0.31786542923433875,-0.11716937354988399]
69.179	EXP	tracking_square: pos = [0.31786542923433875,-0.11716937354988399]
69.22999999999999	EXP	tracking_square: pos = [0.31786542923433875,-0.11716937354988399]
69.28099999999999	EXP	tracking_square: pos = [0.31786542923433875,-0.11716937354988399]
69.333	EXP	tracking_square: pos = [0.31786542923433875,-0.11716937354988399]
69.38	DATA	Keydown: Escape
