0.10177500000008877	EXP	Created Window = Window( name=Window, fullscr=true, color=#808080, units=height, waitBlanking=true, autoLog=true, size=[1366,617] )
7.915244999999231	DATA	Keydown: x
8.343664999999419	DATA	Keydown: y
8.999784999999974	DATA	Keydown: z
12.957550000000083	EXP	Created loading_text = TextStim( name=loading_text, win=Window( name=Window, fullscr=true, color=#808080, ~), autoDraw=null, autoLog=true, units=height, pos=[0,0], size=undefined, ori=null, opacity=1, depth=-1, clipMask=null, boundingBox={"x":-0.49431077162682335,"y":-0.22366288492706646~, text=Downloading additional resources. 

One moment ple~, alignHoriz=center, alignVert=center, flipHoriz=null, flipVert=null, font=Arial, height=0.1, wrapWidth=1, bold=null, italic=null, color=#FFFFFF, contrast=1 )
12.969035000000076	EXP	Created intro_text = TextStim( name=intro_text, win=Window( name=Window, fullscr=true, color=#808080, ~), autoDraw=null, autoLog=true, units=height, pos=[0,0], size=undefined, ori=null, opacity=1, depth=null, clipMask=null, boundingBox={"x":-0.4696046900324149,"y":-0.22690437601296595,~, text=demo_eye_tracking: starting webcam

This experimen~, alignHoriz=center, alignVert=center, flipHoriz=null, flipVert=null, font=Arial, height=0.04, wrapWidth=1, bold=null, italic=null, color=#FFFFFF, contrast=1 )
12.973669999999402	EXP	Created calibration_text = TextStim( name=calibration_text, win=Window( name=Window, fullscr=true, color=#808080, ~), autoDraw=null, autoLog=true, units=height, pos=[0,0], size=undefined, ori=null, opacity=1, depth=null, clipMask=null, boundingBox={"x":-0.4921095491035251,"y":-0.31766612641815234,~, text=demo_eye_tracking: calibration

Now we'll calibrat~, alignHoriz=center, alignVert=center, flipHoriz=null, flipVert=null, font=Arial, height=0.04, wrapWidth=1, bold=null, italic=null, color=#FFFFFF, contrast=1 )
12.97848999999951	EXP	Created calibration_square = Rect( name=calibration_square, win=Window( name=Window, fullscr=true, color=#808080, ~), autoDraw=null, autoLog=true, units=height, pos=[0,0], size=[1,1], ori=null, opacity=1, depth=null, clipMask=null, boundingBox={"x":-0.01,"y":-0.01,"width":0.02,"height":0.02,"t~, vertices=[[-0.01,-0.01],[0.01,-0.01],[0.01,0.01],[-0.01,0.0~, closeShape=true, interpolate=true, lineWidth=null, lineColor=#ffffff, fillColor=#ffffff, contrast=1, width=0.02, height=0.02 )
12.980485000000044	EXP	Created tracking_square = Rect( name=tracking_square, win=Window( name=Window, fullscr=true, color=#808080, ~), autoDraw=null, autoLog=true, units=height, pos=[0,0], size=[1,1], ori=null, opacity=1, depth=null, clipMask=null, boundingBox={"x":-0.01,"y":-0.01,"width":0.02,"height":0.02,"t~, vertices=[[-0.01,-0.01],[0.01,-0.01],[0.01,0.01],[-0.01,0.0~, closeShape=true, interpolate=true, lineWidth=1.5, lineColor=#ffffff, fillColor=#000000, contrast=1, width=0.02, height=0.02 )
13.007039999999506	EXP	loading_text: units = height
13.007039999999506	EXP	loading_text: pos = [0,0]
13.007039999999506	EXP	loading_text: size = undefined
13.007039999999506	EXP	loading_text: ori = null
13.007039999999506	EXP	loading_text: opacity = 1
13.007039999999506	EXP	loading_text: depth = -1
13.007039999999506	EXP	loading_text: clipMask = null
13.007039999999506	EXP	loading_text: boundingBox = {"x":0,"y":0,"width":0,"height":0,"type":1}
13.007039999999506	EXP	loading_text: text = Downloading additional resources. 

One moment please...
13.007039999999506	EXP	loading_text: alignHoriz = center
13.007039999999506	EXP	loading_text: alignVert = center
13.007039999999506	EXP	loading_text: flipHoriz = null
13.007039999999506	EXP	loading_text: flipVert = null
13.007039999999506	EXP	loading_text: font = Arial
13.007039999999506	EXP	loading_text: height = 0.1
13.007039999999506	EXP	loading_text: wrapWidth = 1
13.007039999999506	EXP	loading_text: bold = null
13.007039999999506	EXP	loading_text: italic = null
13.007039999999506	EXP	loading_text: color = #FFFFFF
13.007039999999506	EXP	loading_text: contrast = 1
13.007039999999506	EXP	intro_text: units = height
13.007039999999506	EXP	intro_text: pos = [0,0]
13.007039999999506	EXP	intro_text: size = undefined
13.007039999999506	EXP	intro_text: ori = null
13.007039999999506	EXP	intro_text: opacity = 1
13.007039999999506	EXP	intro_text: depth = null
13.007039999999506	EXP	intro_text: clipMask = null
13.007039999999506	EXP	intro_text: boundingBox = {"x":0,"y":0,"width":0,"height":0,"type":1}
13.007039999999506	EXP	intro_text: text = demo_eye_tracking: starting webcam

This experiment demonstrates eye tracking via the webgazer library. 

You should see your web-browser request access to your webcam. You might need to click on this text to make that happen. Please permit access, and wait a little while. Your webcam video should appear in the top-left of the screen.
13.007039999999506	EXP	intro_text: alignHoriz = center
13.007039999999506	EXP	intro_text: alignVert = center
13.007039999999506	EXP	intro_text: flipHoriz = null
13.007039999999506	EXP	intro_text: flipVert = null
13.007039999999506	EXP	intro_text: font = Arial
13.007039999999506	EXP	intro_text: height = 0.04
13.007039999999506	EXP	intro_text: wrapWidth = 1
13.007039999999506	EXP	intro_text: bold = null
13.007039999999506	EXP	intro_text: italic = null
13.007039999999506	EXP	intro_text: color = #FFFFFF
13.007039999999506	EXP	intro_text: contrast = 1
13.007039999999506	EXP	calibration_text: units = height
13.007039999999506	EXP	calibration_text: pos = [0,0]
13.007039999999506	EXP	calibration_text: size = undefined
13.007039999999506	EXP	calibration_text: ori = null
13.007039999999506	EXP	calibration_text: opacity = 1
13.007039999999506	EXP	calibration_text: depth = null
13.007039999999506	EXP	calibration_text: clipMask = null
13.007039999999506	EXP	calibration_text: boundingBox = {"x":0,"y":0,"width":0,"height":0,"type":1}
13.007039999999506	EXP	calibration_text: text = demo_eye_tracking: calibration

Now we'll calibrate the eye tracker. Please try to keep your head still and within the rectangle you see in your webcam video. When you do so, the rectangle turns green.

In the next part of this experiment, the webcam video disappears. It will reappear when your head is too from the rectangle. If this happens, please move back into view. White squares appears at different locations on the screen. Please click each square with your mouse.

Click anywhere to continue...
13.007039999999506	EXP	calibration_text: alignHoriz = center
13.007039999999506	EXP	calibration_text: alignVert = center
13.007039999999506	EXP	calibration_text: flipHoriz = null
13.007039999999506	EXP	calibration_text: flipVert = null
13.007039999999506	EXP	calibration_text: font = Arial
13.007039999999506	EXP	calibration_text: height = 0.04
13.007039999999506	EXP	calibration_text: wrapWidth = 1
13.007039999999506	EXP	calibration_text: bold = null
13.007039999999506	EXP	calibration_text: italic = null
13.007039999999506	EXP	calibration_text: color = #FFFFFF
13.007039999999506	EXP	calibration_text: contrast = 1
13.007039999999506	EXP	calibration_square: units = height
13.007039999999506	EXP	calibration_square: pos = [0,0]
13.007039999999506	EXP	calibration_square: size = undefined
13.007039999999506	EXP	calibration_square: ori = null
13.007039999999506	EXP	calibration_square: opacity = 1
13.007039999999506	EXP	calibration_square: depth = null
13.007039999999506	EXP	calibration_square: clipMask = null
13.007039999999506	EXP	calibration_square: boundingBox = {"x":0,"y":0,"width":0,"height":0,"type":1}
13.007039999999506	EXP	calibration_square: size = [1,1]
13.007039999999506	EXP	calibration_square: vertices = [[-0.5,0],[0,0.5],[0.5,0]]
13.007039999999506	EXP	calibration_square: closeShape = true
13.007039999999506	EXP	calibration_square: interpolate = true
13.007039999999506	EXP	calibration_square: lineWidth = null
13.007039999999506	EXP	calibration_square: lineColor = #ffffff
13.007039999999506	EXP	calibration_square: fillColor = #ffffff
13.007039999999506	EXP	calibration_square: contrast = 1
13.007039999999506	EXP	calibration_square: opacity = 1
13.007039999999506	EXP	calibration_square: width = 0.02
13.007039999999506	EXP	calibration_square: height = 0.02
13.007039999999506	EXP	calibration_square: vertices = [[-0.01,-0.01],[0.01,-0.01],[0.01,0.01],[-0.01,0.01]]
13.007039999999506	EXP	tracking_square: units = height
13.007039999999506	EXP	tracking_square: pos = [0,0]
13.007039999999506	EXP	tracking_square: size = undefined
13.007039999999506	EXP	tracking_square: ori = null
13.007039999999506	EXP	tracking_square: opacity = 1
13.007039999999506	EXP	tracking_square: depth = null
13.007039999999506	EXP	tracking_square: clipMask = null
13.007039999999506	EXP	tracking_square: boundingBox = {"x":0,"y":0,"width":0,"height":0,"type":1}
13.007039999999506	EXP	tracking_square: size = [1,1]
13.007039999999506	EXP	tracking_square: vertices = [[-0.5,0],[0,0.5],[0.5,0]]
13.007039999999506	EXP	tracking_square: closeShape = true
13.007039999999506	EXP	tracking_square: interpolate = true
13.007039999999506	EXP	tracking_square: lineWidth = 1.5
13.007039999999506	EXP	tracking_square: lineColor = #ffffff
13.007039999999506	EXP	tracking_square: fillColor = #000000
13.007039999999506	EXP	tracking_square: contrast = 1
13.007039999999506	EXP	tracking_square: opacity = 1
13.007039999999506	EXP	tracking_square: width = 0.02
13.007039999999506	EXP	tracking_square: height = 0.02
13.007039999999506	EXP	tracking_square: vertices = [[-0.01,-0.01],[0.01,-0.01],[0.01,0.01],[-0.01,0.01]]
13.007039999999506	EXP	loading_text: autoDraw = true
14.25576000000001	EXP	loading_text: autoDraw = null
14.25576000000001	EXP	intro_text: autoDraw = true
31.22880499999974	DATA	Keydown: Escape
