0.11745999999948253	EXP	Created Window = Window( name=Window, fullscr=true, color=#808080, units=height, waitBlanking=true, autoLog=true, size=[1600,789] )
3.412060000000565	DATA	Keydown: 1
3.563145000000077	DATA	Keydown: 1
3.770974999999453	DATA	Keydown: 1
3.9709700000003068	DATA	Keydown: 1
4.163174999999683	DATA	Keydown: 1
13.811149999999543	EXP	Created loading_text = TextStim( name=loading_text, win=Window( name=Window, fullscr=true, color=#808080, ~), autoDraw=null, autoLog=true, units=height, pos=[0,0], size=undefined, ori=null, opacity=1, depth=-1, clipMask=null, boundingBox={"x":-0.48930929573524534,"y":-0.22015915119363394~, text=Downloading additional resources. 

One moment ple~, alignHoriz=center, alignVert=center, flipHoriz=null, flipVert=null, font=Arial, height=0.1, wrapWidth=1, bold=null, italic=null, color=#FFFFFF, contrast=1 )
13.830480000000534	EXP	Created intro_text = TextStim( name=intro_text, win=Window( name=Window, fullscr=true, color=#808080, ~), autoDraw=null, autoLog=true, units=height, pos=[0,0], size=undefined, ori=null, opacity=1, depth=null, clipMask=null, boundingBox={"x":-0.4611343667108753,"y":-0.22546419098143236,~, text=demo_eye_tracking: starting webcam

This experimen~, alignHoriz=center, alignVert=center, flipHoriz=null, flipVert=null, font=Arial, height=0.04, wrapWidth=1, bold=null, italic=null, color=#FFFFFF, contrast=1 )
13.83343000000059	EXP	Created calibration_text = TextStim( name=calibration_text, win=Window( name=Window, fullscr=true, color=#808080, ~), autoDraw=null, autoLog=true, units=height, pos=[0,0], size=undefined, ori=null, opacity=1, depth=null, clipMask=null, boundingBox={"x":-0.498377144811008,"y":-0.3156498673740053,"w~, text=demo_eye_tracking: calibration

Now we'll calibrat~, alignHoriz=center, alignVert=center, flipHoriz=null, flipVert=null, font=Arial, height=0.04, wrapWidth=1, bold=null, italic=null, color=#FFFFFF, contrast=1 )
13.836349999999584	EXP	Created calibration_square = Rect( name=calibration_square, win=Window( name=Window, fullscr=true, color=#808080, ~), autoDraw=null, autoLog=true, units=height, pos=[0,0], size=[1,1], ori=null, opacity=1, depth=null, clipMask=null, boundingBox={"x":-0.01,"y":-0.01,"width":0.02,"height":0.02,"t~, vertices=[[-0.01,-0.01],[0.01,-0.01],[0.01,0.01],[-0.01,0.0~, closeShape=true, interpolate=true, lineWidth=null, lineColor=#ffffff, fillColor=#ffffff, contrast=1, width=0.02, height=0.02 )
13.837589999999182	EXP	Created tracking_square = Rect( name=tracking_square, win=Window( name=Window, fullscr=true, color=#808080, ~), autoDraw=null, autoLog=true, units=height, pos=[0,0], size=[1,1], ori=null, opacity=1, depth=null, clipMask=null, boundingBox={"x":-0.01,"y":-0.01,"width":0.02,"height":0.02,"t~, vertices=[[-0.01,-0.01],[0.01,-0.01],[0.01,0.01],[-0.01,0.0~, closeShape=true, interpolate=true, lineWidth=1.5, lineColor=#ffffff, fillColor=#000000, contrast=1, width=0.02, height=0.02 )
13.89172999999937	EXP	loading_text: units = height
13.89172999999937	EXP	loading_text: pos = [0,0]
13.89172999999937	EXP	loading_text: size = undefined
13.89172999999937	EXP	loading_text: ori = null
13.89172999999937	EXP	loading_text: opacity = 1
13.89172999999937	EXP	loading_text: depth = -1
13.89172999999937	EXP	loading_text: clipMask = null
13.89172999999937	EXP	loading_text: boundingBox = {"x":0,"y":0,"width":0,"height":0,"type":1}
13.89172999999937	EXP	loading_text: text = Downloading additional resources. 

One moment please...
13.89172999999937	EXP	loading_text: alignHoriz = center
13.89172999999937	EXP	loading_text: alignVert = center
13.89172999999937	EXP	loading_text: flipHoriz = null
13.89172999999937	EXP	loading_text: flipVert = null
13.89172999999937	EXP	loading_text: font = Arial
13.89172999999937	EXP	loading_text: height = 0.1
13.89172999999937	EXP	loading_text: wrapWidth = 1
13.89172999999937	EXP	loading_text: bold = null
13.89172999999937	EXP	loading_text: italic = null
13.89172999999937	EXP	loading_text: color = #FFFFFF
13.89172999999937	EXP	loading_text: contrast = 1
13.89172999999937	EXP	intro_text: units = height
13.89172999999937	EXP	intro_text: pos = [0,0]
13.89172999999937	EXP	intro_text: size = undefined
13.89172999999937	EXP	intro_text: ori = null
13.89172999999937	EXP	intro_text: opacity = 1
13.89172999999937	EXP	intro_text: depth = null
13.89172999999937	EXP	intro_text: clipMask = null
13.89172999999937	EXP	intro_text: boundingBox = {"x":0,"y":0,"width":0,"height":0,"type":1}
13.89172999999937	EXP	intro_text: text = demo_eye_tracking: starting webcam

This experiment demonstrates eye tracking via the webgazer library. 

You should see your web-browser request access to your webcam. You might need to click on this text to make that happen. Please permit access, and wait a little while. Your webcam video should appear in the top-left of the screen.
13.89172999999937	EXP	intro_text: alignHoriz = center
13.89172999999937	EXP	intro_text: alignVert = center
13.89172999999937	EXP	intro_text: flipHoriz = null
13.89172999999937	EXP	intro_text: flipVert = null
13.89172999999937	EXP	intro_text: font = Arial
13.89172999999937	EXP	intro_text: height = 0.04
13.89172999999937	EXP	intro_text: wrapWidth = 1
13.89172999999937	EXP	intro_text: bold = null
13.89172999999937	EXP	intro_text: italic = null
13.89172999999937	EXP	intro_text: color = #FFFFFF
13.89172999999937	EXP	intro_text: contrast = 1
13.89172999999937	EXP	calibration_text: units = height
13.89172999999937	EXP	calibration_text: pos = [0,0]
13.89172999999937	EXP	calibration_text: size = undefined
13.89172999999937	EXP	calibration_text: ori = null
13.89172999999937	EXP	calibration_text: opacity = 1
13.89172999999937	EXP	calibration_text: depth = null
13.89172999999937	EXP	calibration_text: clipMask = null
13.89172999999937	EXP	calibration_text: boundingBox = {"x":0,"y":0,"width":0,"height":0,"type":1}
13.89172999999937	EXP	calibration_text: text = demo_eye_tracking: calibration

Now we'll calibrate the eye tracker. Please try to keep your head still and within the rectangle you see in your webcam video. When you do so, the rectangle turns green.

In the next part of this experiment, the webcam video disappears. It will reappear when your head is too from the rectangle. If this happens, please move back into view. White squares appears at different locations on the screen. Please click each square with your mouse.

Click anywhere to continue...
13.89172999999937	EXP	calibration_text: alignHoriz = center
13.89172999999937	EXP	calibration_text: alignVert = center
13.89172999999937	EXP	calibration_text: flipHoriz = null
13.89172999999937	EXP	calibration_text: flipVert = null
13.89172999999937	EXP	calibration_text: font = Arial
13.89172999999937	EXP	calibration_text: height = 0.04
13.89172999999937	EXP	calibration_text: wrapWidth = 1
13.89172999999937	EXP	calibration_text: bold = null
13.89172999999937	EXP	calibration_text: italic = null
13.89172999999937	EXP	calibration_text: color = #FFFFFF
13.89172999999937	EXP	calibration_text: contrast = 1
13.89172999999937	EXP	calibration_square: units = height
13.89172999999937	EXP	calibration_square: pos = [0,0]
13.89172999999937	EXP	calibration_square: size = undefined
13.89172999999937	EXP	calibration_square: ori = null
13.89172999999937	EXP	calibration_square: opacity = 1
13.89172999999937	EXP	calibration_square: depth = null
13.89172999999937	EXP	calibration_square: clipMask = null
13.89172999999937	EXP	calibration_square: boundingBox = {"x":0,"y":0,"width":0,"height":0,"type":1}
13.89172999999937	EXP	calibration_square: size = [1,1]
13.89172999999937	EXP	calibration_square: vertices = [[-0.5,0],[0,0.5],[0.5,0]]
13.89172999999937	EXP	calibration_square: closeShape = true
13.89172999999937	EXP	calibration_square: interpolate = true
13.89172999999937	EXP	calibration_square: lineWidth = null
13.89172999999937	EXP	calibration_square: lineColor = #ffffff
13.89172999999937	EXP	calibration_square: fillColor = #ffffff
13.89172999999937	EXP	calibration_square: contrast = 1
13.89172999999937	EXP	calibration_square: opacity = 1
13.89172999999937	EXP	calibration_square: width = 0.02
13.89172999999937	EXP	calibration_square: height = 0.02
13.89172999999937	EXP	calibration_square: vertices = [[-0.01,-0.01],[0.01,-0.01],[0.01,0.01],[-0.01,0.01]]
13.89172999999937	EXP	tracking_square: units = height
13.89172999999937	EXP	tracking_square: pos = [0,0]
13.89172999999937	EXP	tracking_square: size = undefined
13.89172999999937	EXP	tracking_square: ori = null
13.89172999999937	EXP	tracking_square: opacity = 1
13.89172999999937	EXP	tracking_square: depth = null
13.89172999999937	EXP	tracking_square: clipMask = null
13.89172999999937	EXP	tracking_square: boundingBox = {"x":0,"y":0,"width":0,"height":0,"type":1}
13.89172999999937	EXP	tracking_square: size = [1,1]
13.89172999999937	EXP	tracking_square: vertices = [[-0.5,0],[0,0.5],[0.5,0]]
13.89172999999937	EXP	tracking_square: closeShape = true
13.89172999999937	EXP	tracking_square: interpolate = true
13.89172999999937	EXP	tracking_square: lineWidth = 1.5
13.89172999999937	EXP	tracking_square: lineColor = #ffffff
13.89172999999937	EXP	tracking_square: fillColor = #000000
13.89172999999937	EXP	tracking_square: contrast = 1
13.89172999999937	EXP	tracking_square: opacity = 1
13.89172999999937	EXP	tracking_square: width = 0.02
13.89172999999937	EXP	tracking_square: height = 0.02
13.89172999999937	EXP	tracking_square: vertices = [[-0.01,-0.01],[0.01,-0.01],[0.01,0.01],[-0.01,0.01]]
13.89172999999937	EXP	loading_text: autoDraw = true
15.04113999999936	EXP	loading_text: autoDraw = null
15.04113999999936	EXP	intro_text: autoDraw = true
16.73336500000005	EXP	intro_text: autoDraw = null
16.73336500000005	EXP	calibration_text: autoDraw = true
35.659794999999576	DATA	Keydown:  
36.94821000000047	DATA	Mouse: 0 button down, pos=(635.2000094652176,613.6000579714782)
36.98975000000064	EXP	calibration_text: autoDraw = null
36.98975000000064	EXP	calibration_square: pos = [0.26666666666666666,0.15]
36.98975000000064	EXP	calibration_square: autoDraw = true
37.16347499999938	DATA	Mouse: 0 button down, pos=(635.2000094652176,613.6000579714782)
41.59906000000046	DATA	Mouse: 0 button down, pos=(1002.400014936924,303.2000045180321)
41.60294000000067	EXP	calibration_square: autoDraw = null
41.60294000000067	EXP	calibration_square: pos = [-0.26666666666666666,0.45]
41.60294000000067	EXP	calibration_square: autoDraw = true
41.69289000000026	DATA	Mouse: 0 button down, pos=(1002.400014936924,303.2000045180321)
43.05525999999918	DATA	Mouse: 0 button down, pos=(537.60005683899,37.60000361204152)
43.067535000000134	EXP	calibration_square: autoDraw = null
43.067535000000134	EXP	calibration_square: pos = [-0.7999999999999999,0.15]
43.067535000000134	EXP	calibration_square: autoDraw = true
43.1286199999995	DATA	Mouse: 0 button down, pos=(537.60005683899,37.60000361204152)
44.42917999999918	DATA	Mouse: 0 button down, pos=(78.40000116825104,298.4000044465065)
44.431619999999384	EXP	calibration_square: autoDraw = null
44.431619999999384	EXP	calibration_square: pos = [0.26666666666666666,0.45]
44.431619999999384	EXP	calibration_square: autoDraw = true
44.52868999999919	DATA	Mouse: 0 button down, pos=(78.40000116825104,298.4000044465065)
45.98390499999914	DATA	Mouse: 0 button down, pos=(1000.8000149130821,41.600003671646164)
45.99612999999954	EXP	calibration_square: autoDraw = null
45.99612999999954	EXP	calibration_square: pos = [0.7999999999999999,-0.45]
45.99612999999954	EXP	calibration_square: autoDraw = true
46.085644999999204	DATA	Mouse: 0 button down, pos=(1000.8000149130821,41.600003671646164)
47.61276999999973	DATA	Mouse: 0 button down, pos=(1451.2001192808166,818.4000121951103)
47.63271999999961	EXP	calibration_square: autoDraw = null
47.63271999999961	EXP	calibration_square: pos = [-0.7999999999999999,-0.45]
47.63271999999961	EXP	calibration_square: autoDraw = true
47.72830000000067	DATA	Mouse: 0 button down, pos=(1451.2001192808166,818.4000121951103)
49.40366499999982	DATA	Mouse: 0 button down, pos=(78.40000116825104,827.2000123262405)
49.41509000000042	EXP	calibration_square: autoDraw = null
49.41509000000042	EXP	calibration_square: pos = [-0.7999999999999999,0.45]
49.41509000000042	EXP	calibration_square: autoDraw = true
49.4897949999995	DATA	Mouse: 0 button down, pos=(78.40000116825104,827.2000123262405)
60.9175350000005	DATA	Mouse: 0 button down, pos=(759.2000113129616,364.80002985000647)
61.01279500000055	DATA	Mouse: 0 button down, pos=(759.2000113129616,364.80002985000647)
63.497975000000224	DATA	Keydown: Escape
