0.10892499999954453	EXP	Created Window = Window( name=Window, fullscr=true, color=#808080, units=height, waitBlanking=true, autoLog=true, size=[1439,728] )
2.3001649999996516	EXP	Created loading_text = TextStim( name=loading_text, win=Window( name=Window, fullscr=true, color=#808080, ~), autoDraw=null, autoLog=true, units=height, pos=[0,0], size=undefined, ori=null, opacity=1, depth=-1, clipMask=null, boundingBox={"x":-0.49327037098643545,"y":-0.22802197802197802~, text=Downloading additional resources. 

One moment ple~, alignHoriz=center, alignVert=center, flipHoriz=null, flipVert=null, font=Arial, height=0.1, wrapWidth=1, bold=null, italic=null, color=#FFFFFF, contrast=1 )
2.332985000000008	EXP	Created intro_text = TextStim( name=intro_text, win=Window( name=Window, fullscr=true, color=#808080, ~), autoDraw=null, autoLog=true, units=height, pos=[0,0], size=undefined, ori=null, opacity=1, depth=null, clipMask=null, boundingBox={"x":-0.46168333619505497,"y":-0.23351648351648352~, text=demo_eye_tracking: starting webcam

This experimen~, alignHoriz=center, alignVert=center, flipHoriz=null, flipVert=null, font=Arial, height=0.04, wrapWidth=1, bold=null, italic=null, color=#FFFFFF, contrast=1 )
2.338025000000016	EXP	Created calibration_text = TextStim( name=calibration_text, win=Window( name=Window, fullscr=true, color=#808080, ~), autoDraw=null, autoLog=true, units=height, pos=[0,0], size=undefined, ori=null, opacity=1, depth=null, clipMask=null, boundingBox={"x":-0.49897045093578296,"y":-0.3269230769230769,~, text=demo_eye_tracking: calibration

Now we'll calibrat~, alignHoriz=center, alignVert=center, flipHoriz=null, flipVert=null, font=Arial, height=0.04, wrapWidth=1, bold=null, italic=null, color=#FFFFFF, contrast=1 )
2.3546500000002197	EXP	Created calibration_square = Rect( name=calibration_square, win=Window( name=Window, fullscr=true, color=#808080, ~), autoDraw=null, autoLog=true, units=height, pos=[0,0], size=[1,1], ori=null, opacity=1, depth=null, clipMask=null, boundingBox={"x":-0.01,"y":-0.01,"width":0.02,"height":0.02,"t~, vertices=[[-0.01,-0.01],[0.01,-0.01],[0.01,0.01],[-0.01,0.0~, closeShape=true, interpolate=true, lineWidth=null, lineColor=#ffffff, fillColor=#ffffff, contrast=1, width=0.02, height=0.02 )
2.3566399999999703	EXP	Created tracking_square = Rect( name=tracking_square, win=Window( name=Window, fullscr=true, color=#808080, ~), autoDraw=null, autoLog=true, units=height, pos=[0,0], size=[1,1], ori=null, opacity=1, depth=null, clipMask=null, boundingBox={"x":-0.01,"y":-0.01,"width":0.02,"height":0.02,"t~, vertices=[[-0.01,-0.01],[0.01,-0.01],[0.01,0.01],[-0.01,0.0~, closeShape=true, interpolate=true, lineWidth=1.5, lineColor=#ffffff, fillColor=#000000, contrast=1, width=0.02, height=0.02 )
2.4145150000003923	EXP	loading_text: units = height
2.4145150000003923	EXP	loading_text: pos = [0,0]
2.4145150000003923	EXP	loading_text: size = undefined
2.4145150000003923	EXP	loading_text: ori = null
2.4145150000003923	EXP	loading_text: opacity = 1
2.4145150000003923	EXP	loading_text: depth = -1
2.4145150000003923	EXP	loading_text: clipMask = null
2.4145150000003923	EXP	loading_text: boundingBox = {"x":0,"y":0,"width":0,"height":0,"type":1}
2.4145150000003923	EXP	loading_text: text = Downloading additional resources. 

One moment please...
2.4145150000003923	EXP	loading_text: alignHoriz = center
2.4145150000003923	EXP	loading_text: alignVert = center
2.4145150000003923	EXP	loading_text: flipHoriz = null
2.4145150000003923	EXP	loading_text: flipVert = null
2.4145150000003923	EXP	loading_text: font = Arial
2.4145150000003923	EXP	loading_text: height = 0.1
2.4145150000003923	EXP	loading_text: wrapWidth = 1
2.4145150000003923	EXP	loading_text: bold = null
2.4145150000003923	EXP	loading_text: italic = null
2.4145150000003923	EXP	loading_text: color = #FFFFFF
2.4145150000003923	EXP	loading_text: contrast = 1
2.4145150000003923	EXP	intro_text: units = height
2.4145150000003923	EXP	intro_text: pos = [0,0]
2.4145150000003923	EXP	intro_text: size = undefined
2.4145150000003923	EXP	intro_text: ori = null
2.4145150000003923	EXP	intro_text: opacity = 1
2.4145150000003923	EXP	intro_text: depth = null
2.4145150000003923	EXP	intro_text: clipMask = null
2.4145150000003923	EXP	intro_text: boundingBox = {"x":0,"y":0,"width":0,"height":0,"type":1}
2.4145150000003923	EXP	intro_text: text = demo_eye_tracking: starting webcam

This experiment demonstrates eye tracking via the webgazer library. 

You should see your web-browser request access to your webcam. You might need to click on this text to make that happen. Please permit access, and wait a little while. Your webcam video should appear in the top-left of the screen.
2.4145150000003923	EXP	intro_text: alignHoriz = center
2.4145150000003923	EXP	intro_text: alignVert = center
2.4145150000003923	EXP	intro_text: flipHoriz = null
2.4145150000003923	EXP	intro_text: flipVert = null
2.4145150000003923	EXP	intro_text: font = Arial
2.4145150000003923	EXP	intro_text: height = 0.04
2.4145150000003923	EXP	intro_text: wrapWidth = 1
2.4145150000003923	EXP	intro_text: bold = null
2.4145150000003923	EXP	intro_text: italic = null
2.4145150000003923	EXP	intro_text: color = #FFFFFF
2.4145150000003923	EXP	intro_text: contrast = 1
2.4145150000003923	EXP	calibration_text: units = height
2.4145150000003923	EXP	calibration_text: pos = [0,0]
2.4145150000003923	EXP	calibration_text: size = undefined
2.4145150000003923	EXP	calibration_text: ori = null
2.4145150000003923	EXP	calibration_text: opacity = 1
2.4145150000003923	EXP	calibration_text: depth = null
2.4145150000003923	EXP	calibration_text: clipMask = null
2.4145150000003923	EXP	calibration_text: boundingBox = {"x":0,"y":0,"width":0,"height":0,"type":1}
2.4145150000003923	EXP	calibration_text: text = demo_eye_tracking: calibration

Now we'll calibrate the eye tracker. Please try to keep your head still and within the rectangle you see in your webcam video. When you do so, the rectangle turns green.

In the next part of this experiment, the webcam video disappears. It will reappear when your head is too from the rectangle. If this happens, please move back into view. White squares appears at different locations on the screen. Please click each square with your mouse.

Click anywhere to continue...
2.4145150000003923	EXP	calibration_text: alignHoriz = center
2.4145150000003923	EXP	calibration_text: alignVert = center
2.4145150000003923	EXP	calibration_text: flipHoriz = null
2.4145150000003923	EXP	calibration_text: flipVert = null
2.4145150000003923	EXP	calibration_text: font = Arial
2.4145150000003923	EXP	calibration_text: height = 0.04
2.4145150000003923	EXP	calibration_text: wrapWidth = 1
2.4145150000003923	EXP	calibration_text: bold = null
2.4145150000003923	EXP	calibration_text: italic = null
2.4145150000003923	EXP	calibration_text: color = #FFFFFF
2.4145150000003923	EXP	calibration_text: contrast = 1
2.4145150000003923	EXP	calibration_square: units = height
2.4145150000003923	EXP	calibration_square: pos = [0,0]
2.4145150000003923	EXP	calibration_square: size = undefined
2.4145150000003923	EXP	calibration_square: ori = null
2.4145150000003923	EXP	calibration_square: opacity = 1
2.4145150000003923	EXP	calibration_square: depth = null
2.4145150000003923	EXP	calibration_square: clipMask = null
2.4145150000003923	EXP	calibration_square: boundingBox = {"x":0,"y":0,"width":0,"height":0,"type":1}
2.4145150000003923	EXP	calibration_square: size = [1,1]
2.4145150000003923	EXP	calibration_square: vertices = [[-0.5,0],[0,0.5],[0.5,0]]
2.4145150000003923	EXP	calibration_square: closeShape = true
2.4145150000003923	EXP	calibration_square: interpolate = true
2.4145150000003923	EXP	calibration_square: lineWidth = null
2.4145150000003923	EXP	calibration_square: lineColor = #ffffff
2.4145150000003923	EXP	calibration_square: fillColor = #ffffff
2.4145150000003923	EXP	calibration_square: contrast = 1
2.4145150000003923	EXP	calibration_square: opacity = 1
2.4145150000003923	EXP	calibration_square: width = 0.02
2.4145150000003923	EXP	calibration_square: height = 0.02
2.4145150000003923	EXP	calibration_square: vertices = [[-0.01,-0.01],[0.01,-0.01],[0.01,0.01],[-0.01,0.01]]
2.4145150000003923	EXP	tracking_square: units = height
2.4145150000003923	EXP	tracking_square: pos = [0,0]
2.4145150000003923	EXP	tracking_square: size = undefined
2.4145150000003923	EXP	tracking_square: ori = null
2.4145150000003923	EXP	tracking_square: opacity = 1
2.4145150000003923	EXP	tracking_square: depth = null
2.4145150000003923	EXP	tracking_square: clipMask = null
2.4145150000003923	EXP	tracking_square: boundingBox = {"x":0,"y":0,"width":0,"height":0,"type":1}
2.4145150000003923	EXP	tracking_square: size = [1,1]
2.4145150000003923	EXP	tracking_square: vertices = [[-0.5,0],[0,0.5],[0.5,0]]
2.4145150000003923	EXP	tracking_square: closeShape = true
2.4145150000003923	EXP	tracking_square: interpolate = true
2.4145150000003923	EXP	tracking_square: lineWidth = 1.5
2.4145150000003923	EXP	tracking_square: lineColor = #ffffff
2.4145150000003923	EXP	tracking_square: fillColor = #000000
2.4145150000003923	EXP	tracking_square: contrast = 1
2.4145150000003923	EXP	tracking_square: opacity = 1
2.4145150000003923	EXP	tracking_square: width = 0.02
2.4145150000003923	EXP	tracking_square: height = 0.02
2.4145150000003923	EXP	tracking_square: vertices = [[-0.01,-0.01],[0.01,-0.01],[0.01,0.01],[-0.01,0.01]]
2.4145150000003923	EXP	loading_text: autoDraw = true
3.207094999999754	EXP	loading_text: autoDraw = null
3.207094999999754	EXP	intro_text: autoDraw = true
12.12295499999982	EXP	intro_text: autoDraw = null
12.12295499999982	EXP	calibration_text: autoDraw = true
13.702115000000049	DATA	Mouse: 0 button down, pos=(917.71484375,724.734375)
13.75222500000018	EXP	calibration_text: autoDraw = null
13.75222500000018	EXP	calibration_square: pos = [0.24,0.45]
13.75222500000018	EXP	calibration_square: autoDraw = true
13.75414499999988	DATA	Mouse: 0 button down, pos=(917.71484375,724.734375)
15.051225000000159	DATA	Mouse: 0 button down, pos=(940.28125,49.1796875)
15.056520000000091	EXP	calibration_square: autoDraw = null
15.056520000000091	EXP	calibration_square: pos = [0.7200000000000001,0.45]
15.056520000000091	EXP	calibration_square: autoDraw = true
15.166259999999966	DATA	Mouse: 0 button down, pos=(940.28125,49.1796875)
17.291290000000117	DATA	Mouse: 0 button down, pos=(1374.21875,40.05078125)
17.295654999999897	EXP	calibration_square: autoDraw = null
17.295654999999897	EXP	calibration_square: pos = [-0.24,0.15]
17.295654999999897	EXP	calibration_square: autoDraw = true
17.440504999999575	DATA	Mouse: 0 button down, pos=(1374.21875,40.05078125)
18.551870000000235	DATA	Mouse: 0 button down, pos=(503.31640625,315.03515625)
18.558539999999994	EXP	calibration_square: autoDraw = null
18.558539999999994	EXP	calibration_square: pos = [0.7200000000000001,-0.45]
18.558539999999994	EXP	calibration_square: autoDraw = true
18.634154999999737	DATA	Mouse: 0 button down, pos=(503.31640625,315.03515625)
19.91110000000026	DATA	Mouse: 0 button down, pos=(1372.046875,854.55078125)
19.91770499999984	EXP	calibration_square: autoDraw = null
19.91770499999984	EXP	calibration_square: pos = [-0.7200000000000001,-0.45]
19.91770499999984	EXP	calibration_square: autoDraw = true
20.03778499999953	DATA	Mouse: 0 button down, pos=(1372.046875,854.55078125)
21.08750499999951	DATA	Mouse: 0 button down, pos=(69.2890625,860.42578125)
21.105510000000322	EXP	calibration_square: autoDraw = null
21.105510000000322	EXP	calibration_square: pos = [0.24,-0.15]
21.105510000000322	EXP	calibration_square: autoDraw = true
21.22716500000024	DATA	Mouse: 0 button down, pos=(69.2890625,860.42578125)
22.22035500000038	DATA	Mouse: 0 button down, pos=(937.8515625,583.1640625)
22.228374999999687	EXP	calibration_square: autoDraw = null
22.228374999999687	EXP	calibration_square: pos = [-0.24,-0.15]
22.228374999999687	EXP	calibration_square: autoDraw = true
22.36077000000023	DATA	Mouse: 0 button down, pos=(937.8515625,583.1640625)
23.426519999999982	DATA	Mouse: 0 button down, pos=(504.421875,586.17578125)
23.430409999999938	EXP	calibration_square: autoDraw = null
23.430409999999938	EXP	calibration_square: pos = [0.7200000000000001,0.45]
23.430409999999938	EXP	calibration_square: autoDraw = true
23.52121999999963	DATA	Mouse: 0 button down, pos=(504.421875,586.17578125)
24.487479999999778	DATA	Mouse: 0 button down, pos=(1370.703125,48.453125)
24.495850000000246	EXP	calibration_square: autoDraw = null
24.495850000000246	EXP	calibration_square: pos = [-0.7200000000000001,0.15]
24.495850000000246	EXP	calibration_square: autoDraw = true
24.5594600000004	DATA	Mouse: 0 button down, pos=(1370.703125,48.453125)
25.773164999999608	DATA	Mouse: 0 button down, pos=(70.5546875,318.734375)
25.789034999999785	EXP	calibration_square: autoDraw = null
25.789034999999785	EXP	calibration_square: pos = [-0.7200000000000001,-0.15]
25.789034999999785	EXP	calibration_square: autoDraw = true
25.84008999999969	DATA	Mouse: 0 button down, pos=(70.5546875,318.734375)
26.915719999999965	DATA	Mouse: 0 button down, pos=(68.234375,586.33203125)
26.92176500000005	EXP	calibration_square: autoDraw = null
26.92176500000005	EXP	calibration_square: pos = [-0.7200000000000001,0.45]
26.92176500000005	EXP	calibration_square: autoDraw = true
26.996814999999515	DATA	Mouse: 0 button down, pos=(68.234375,586.33203125)
28.179960000000392	DATA	Mouse: 0 button down, pos=(69.76171875,41.203125)
28.192559999999503	EXP	calibration_square: autoDraw = null
28.192559999999503	EXP	calibration_square: pos = [0.7200000000000001,-0.15]
28.192559999999503	EXP	calibration_square: autoDraw = true
28.259939999999915	DATA	Mouse: 0 button down, pos=(69.76171875,41.203125)
29.285969999999907	DATA	Mouse: 0 button down, pos=(1377.53125,586.19140625)
29.385535000000345	DATA	Mouse: 0 button down, pos=(1377.53125,586.19140625)
29.928139999999985	DATA	Mouse: 0 button down, pos=(1373.6640625,585.640625)
29.934619999999995	EXP	calibration_square: autoDraw = null
29.934619999999995	EXP	calibration_square: pos = [-0.24,0.45]
29.934619999999995	EXP	calibration_square: autoDraw = true
30.017444999999498	DATA	Mouse: 0 button down, pos=(1373.6640625,585.640625)
31.109555	DATA	Mouse: 0 button down, pos=(501.296875,37.28125)
31.115270000000237	EXP	calibration_square: autoDraw = null
31.115270000000237	EXP	calibration_square: pos = [-0.24,-0.45]
31.115270000000237	EXP	calibration_square: autoDraw = true
31.210039999999935	DATA	Mouse: 0 button down, pos=(501.296875,37.28125)
32.22131499999978	DATA	Mouse: 0 button down, pos=(502.36328125,863.73046875)
32.23708499999975	EXP	calibration_square: autoDraw = null
32.23708499999975	EXP	calibration_square: pos = [0.7200000000000001,-0.45]
32.23708499999975	EXP	calibration_square: autoDraw = true
32.35335000000032	DATA	Mouse: 0 button down, pos=(502.36328125,860.90625)
33.69591500000024	DATA	Mouse: 0 button down, pos=(1370.53515625,851.0078125)
33.70038999999997	EXP	calibration_square: autoDraw = null
33.70038999999997	EXP	calibration_square: pos = [0.24,0.15]
33.70038999999997	EXP	calibration_square: autoDraw = true
33.8458099999998	DATA	Mouse: 0 button down, pos=(1370.53515625,851.0078125)
34.72663499999999	DATA	Mouse: 0 button down, pos=(939.5859375,305.1640625)
34.852224999999635	DATA	Mouse: 0 button down, pos=(939.5859375,305.1640625)
35.328754999999546	DATA	Mouse: 0 button down, pos=(934.8046875,319.765625)
35.33347500000036	EXP	calibration_square: autoDraw = null
35.33347500000036	EXP	calibration_square: pos = [-0.7200000000000001,-0.45]
35.33347500000036	EXP	calibration_square: autoDraw = true
35.40588000000025	DATA	Mouse: 0 button down, pos=(934.8046875,319.765625)
36.61074000000008	DATA	Mouse: 0 button down, pos=(67.4375,855.82421875)
36.619455000000016	EXP	calibration_square: autoDraw = null
36.619455000000016	EXP	calibration_square: pos = [-0.7200000000000001,0.45]
36.619455000000016	EXP	calibration_square: autoDraw = true
36.69735000000037	DATA	Mouse: 0 button down, pos=(67.4375,855.82421875)
38.07330000000002	DATA	Mouse: 0 button down, pos=(74.6796875,46.36328125)
38.08150999999998	EXP	calibration_square: autoDraw = null
38.08150999999998	EXP	calibration_square: pos = [0.24,-0.45]
38.08150999999998	EXP	calibration_square: autoDraw = true
38.14614999999958	DATA	Mouse: 0 button down, pos=(74.6796875,46.36328125)
39.3009949999996	DATA	Mouse: 0 button down, pos=(930.58203125,860.94921875)
39.307354999999916	EXP	calibration_square: autoDraw = null
39.307354999999916	EXP	calibration_square: pos = [0.7200000000000001,0.15]
39.307354999999916	EXP	calibration_square: autoDraw = true
39.43633500000033	DATA	Mouse: 0 button down, pos=(930.58203125,860.94921875)
40.4541650000001	DATA	Mouse: 0 button down, pos=(1368.10546875,313.78125)
40.480179999999564	EXP	calibration_square: autoDraw = null
40.480179999999564	EXP	tracking_square: autoDraw = true
40.480179999999564	EXP	tracking_square: pos = [0.6793333333333335,0.06299999999999999]
40.496344999999565	EXP	tracking_square: pos = [0.7388888888888889,0.12255555555555557]
40.539810000000216	EXP	tracking_square: pos = [0.7388888888888889,0.12255555555555557]
40.55511999999999	DATA	Mouse: 0 button down, pos=(1368.10546875,313.78125)
40.55894499999977	EXP	tracking_square: pos = [0.7330000000000001,0.16644444444444445]
40.599529999999504	EXP	tracking_square: pos = [0.7330000000000001,0.16644444444444445]
40.614134999999806	EXP	tracking_square: pos = [0.7410000000000001,0.20477777777777778]
40.66078500000003	EXP	tracking_square: pos = [0.7410000000000001,0.20477777777777778]
40.678995000000214	EXP	tracking_square: pos = [0.7147777777777777,0.23755555555555558]
40.725085000000036	EXP	tracking_square: pos = [0.7147777777777777,0.23755555555555558]
40.74269499999991	EXP	tracking_square: pos = [0.7234444444444443,0.2677777777777778]
40.78912500000024	EXP	tracking_square: pos = [0.7234444444444443,0.2677777777777778]
40.80656999999974	EXP	tracking_square: pos = [0.694888888888889,0.2982222222222222]
40.85408499999994	EXP	tracking_square: pos = [0.694888888888889,0.2982222222222222]
40.87324999999964	EXP	tracking_square: pos = [0.6736666666666666,0.28844444444444445]
40.920750000000226	EXP	tracking_square: pos = [0.6736666666666666,0.28844444444444445]
40.93962499999998	EXP	tracking_square: pos = [0.6298888888888889,0.2328888888888889]
40.9875949999996	EXP	tracking_square: pos = [0.6298888888888889,0.2328888888888889]
41.00792499999989	EXP	tracking_square: pos = [0.5666666666666667,0.2448888888888889]
41.0600800000002	EXP	tracking_square: pos = [0.5666666666666667,0.2448888888888889]
41.0773250000002	EXP	tracking_square: pos = [0.5308888888888889,0.20900000000000002]
41.12259999999969	EXP	tracking_square: pos = [0.5308888888888889,0.20900000000000002]
41.14073499999995	EXP	tracking_square: pos = [0.516888888888889,0.18922222222222224]
41.18721000000005	EXP	tracking_square: pos = [0.516888888888889,0.18922222222222224]
41.206309999999576	EXP	tracking_square: pos = [0.5386666666666666,0.18333333333333332]
41.25200500000028	EXP	tracking_square: pos = [0.5386666666666666,0.18333333333333332]
41.26847499999985	EXP	tracking_square: pos = [0.5242222222222221,0.1552222222222222]
41.31567499999983	EXP	tracking_square: pos = [0.5242222222222221,0.1552222222222222]
41.33374999999978	EXP	tracking_square: pos = [0.5703333333333332,0.1417777777777778]
41.377700000000004	EXP	tracking_square: pos = [0.5703333333333332,0.1417777777777778]
41.40012999999999	EXP	tracking_square: pos = [0.58,0.15622222222222223]
41.443224999999984	EXP	tracking_square: pos = [0.58,0.15622222222222223]
41.46302000000014	EXP	tracking_square: pos = [0.5803333333333333,0.14955555555555558]
41.50705500000004	EXP	tracking_square: pos = [0.5803333333333333,0.14955555555555558]
41.52628000000004	EXP	tracking_square: pos = [0.6263333333333334,0.1593333333333333]
41.56750499999998	EXP	tracking_square: pos = [0.6263333333333334,0.1593333333333333]
41.58474000000024	EXP	tracking_square: pos = [0.6597777777777777,0.18655555555555553]
41.62942000000021	EXP	tracking_square: pos = [0.6597777777777777,0.18655555555555553]
41.64555999999993	EXP	tracking_square: pos = [0.7162222222222221,0.20577777777777775]
41.68894	EXP	tracking_square: pos = [0.7162222222222221,0.20577777777777775]
41.705339999999524	EXP	tracking_square: pos = [0.7424444444444445,0.2363333333333333]
41.75352000000021	EXP	tracking_square: pos = [0.7424444444444445,0.2363333333333333]
41.77204499999971	EXP	tracking_square: pos = [0.7447777777777778,0.246]
41.82196500000009	EXP	tracking_square: pos = [0.7447777777777778,0.246]
41.8438500000002	EXP	tracking_square: pos = [0.729888888888889,0.25355555555555553]
41.890910000000076	EXP	tracking_square: pos = [0.729888888888889,0.25355555555555553]
41.90966500000013	EXP	tracking_square: pos = [0.72,0.26722222222222225]
41.96154999999999	EXP	tracking_square: pos = [0.72,0.26722222222222225]
41.978815000000395	EXP	tracking_square: pos = [0.6968888888888889,0.2623333333333333]
42.02177000000029	EXP	tracking_square: pos = [0.6968888888888889,0.2623333333333333]
42.04195499999969	EXP	tracking_square: pos = [0.7094444444444444,0.238]
42.08225500000026	EXP	tracking_square: pos = [0.7094444444444444,0.238]
42.099849999999606	EXP	tracking_square: pos = [0.6925555555555555,0.23244444444444443]
42.15076500000032	EXP	tracking_square: pos = [0.6925555555555555,0.23244444444444443]
42.17043999999987	EXP	tracking_square: pos = [0.6313333333333334,0.2431111111111111]
42.22577999999976	EXP	tracking_square: pos = [0.6313333333333334,0.2431111111111111]
42.24231499999951	EXP	tracking_square: pos = [0.5988888888888889,0.262]
42.28240000000005	EXP	tracking_square: pos = [0.5988888888888889,0.262]
42.311579999999594	EXP	tracking_square: pos = [0.524888888888889,0.2575555555555556]
42.350830000000315	EXP	tracking_square: pos = [0.524888888888889,0.2575555555555556]
42.36873999999989	EXP	tracking_square: pos = [0.45166666666666666,0.281]
42.412844999999834	EXP	tracking_square: pos = [0.45166666666666666,0.281]
42.42998499999976	EXP	tracking_square: pos = [0.3760000000000001,0.2866666666666667]
42.47079500000018	EXP	tracking_square: pos = [0.3760000000000001,0.2866666666666667]
42.48638000000028	EXP	tracking_square: pos = [0.3103333333333333,0.30766666666666664]
42.53105500000038	EXP	tracking_square: pos = [0.3103333333333333,0.30766666666666664]
42.548445000000356	EXP	tracking_square: pos = [0.26088888888888884,0.3263333333333333]
42.59443999999985	EXP	tracking_square: pos = [0.26088888888888884,0.3263333333333333]
42.611235000000306	EXP	tracking_square: pos = [0.18733333333333335,0.3492222222222222]
42.65648499999952	EXP	tracking_square: pos = [0.18733333333333335,0.3492222222222222]
42.67588999999953	EXP	tracking_square: pos = [0.11588888888888883,0.3751111111111111]
42.7192500000001	EXP	tracking_square: pos = [0.11588888888888883,0.3751111111111111]
42.73844999999983	EXP	tracking_square: pos = [0.05044444444444442,0.41311111111111115]
42.77895999999964	EXP	tracking_square: pos = [0.05044444444444442,0.41311111111111115]
42.79843999999957	EXP	tracking_square: pos = [0.02933333333333331,0.4458888888888889]
42.84033499999987	EXP	tracking_square: pos = [0.02933333333333331,0.4458888888888889]
42.854905000000144	EXP	tracking_square: pos = [0.001777777777777803,0.47244444444444444]
42.89949499999966	EXP	tracking_square: pos = [0.001777777777777803,0.47244444444444444]
42.916409999999814	EXP	tracking_square: pos = [0.029888888888888864,0.48488888888888887]
42.961779999999635	EXP	tracking_square: pos = [0.029888888888888864,0.48488888888888887]
42.97808499999974	EXP	tracking_square: pos = [0.03944444444444444,0.49133333333333334]
43.02067999999963	EXP	tracking_square: pos = [0.03944444444444444,0.49133333333333334]
43.039890000000014	EXP	tracking_square: pos = [0.05866666666666662,0.5034444444444445]
43.0817449999995	EXP	tracking_square: pos = [0.05866666666666662,0.5034444444444445]
43.10357500000009	EXP	tracking_square: pos = [0.0693333333333333,0.5006666666666667]
43.149279999999635	EXP	tracking_square: pos = [0.0693333333333333,0.5006666666666667]
43.16882499999974	EXP	tracking_square: pos = [0.05377777777777775,0.5101111111111112]
43.21439499999997	EXP	tracking_square: pos = [0.05377777777777775,0.5101111111111112]
43.218464999999924	EXP	tracking_square: pos = [0.05377777777777775,0.5101111111111112]
43.23650499999985	EXP	tracking_square: pos = [0.06922222222222217,0.5326666666666666]
43.28101499999957	EXP	tracking_square: pos = [0.06922222222222217,0.5326666666666666]
43.30051000000003	EXP	tracking_square: pos = [0.05699999999999995,0.5515555555555556]
43.34591999999975	EXP	tracking_square: pos = [0.05699999999999995,0.5515555555555556]
43.36807500000032	EXP	tracking_square: pos = [0.07466666666666671,0.5502222222222222]
43.414990000000216	EXP	tracking_square: pos = [0.07466666666666671,0.5502222222222222]
43.436469999999645	EXP	tracking_square: pos = [0.05277777777777778,0.5562222222222223]
43.494260000000395	EXP	tracking_square: pos = [0.05277777777777778,0.5562222222222223]
43.51027999999951	EXP	tracking_square: pos = [0.04566666666666669,0.5446666666666666]
43.55998499999987	EXP	tracking_square: pos = [0.04566666666666669,0.5446666666666666]
43.576490000000376	EXP	tracking_square: pos = [0.015111111111111136,0.5374444444444444]
43.61559000000034	EXP	tracking_square: pos = [0.015111111111111136,0.5374444444444444]
43.63414999999986	EXP	tracking_square: pos = [0.01199999999999995,0.5426666666666666]
43.67900000000009	EXP	tracking_square: pos = [0.01199999999999995,0.5426666666666666]
43.70020999999997	EXP	tracking_square: pos = [0.005777777777777829,0.5251111111111111]
43.74646500000017	EXP	tracking_square: pos = [0.005777777777777829,0.5251111111111111]
43.76972500000011	EXP	tracking_square: pos = [-0.011111111111111112,0.4981111111111111]
43.817079999999805	EXP	tracking_square: pos = [-0.011111111111111112,0.4981111111111111]
43.83814499999971	EXP	tracking_square: pos = [-0.016333333333333384,0.4623333333333334]
43.88829999999962	EXP	tracking_square: pos = [-0.016333333333333384,0.4623333333333334]
43.90801499999998	EXP	tracking_square: pos = [-0.0532222222222222,0.413]
43.96332999999959	EXP	tracking_square: pos = [-0.0532222222222222,0.413]
43.98158499999954	EXP	tracking_square: pos = [-0.05,0.35455555555555557]
44.02683999999954	EXP	tracking_square: pos = [-0.05,0.35455555555555557]
44.043415000000095	EXP	tracking_square: pos = [-0.06333333333333334,0.2747777777777778]
44.08769500000017	EXP	tracking_square: pos = [-0.06333333333333334,0.2747777777777778]
44.10541999999987	EXP	tracking_square: pos = [-0.05566666666666669,0.18055555555555555]
44.149239999999736	EXP	tracking_square: pos = [-0.05566666666666669,0.18055555555555555]
44.16719000000012	EXP	tracking_square: pos = [-0.02311111111111106,0.11777777777777777]
44.21278499999971	EXP	tracking_square: pos = [-0.02311111111111106,0.11777777777777777]
44.22947000000022	EXP	tracking_square: pos = [-0.0011111111111111111,0.046444444444444455]
44.27013999999963	EXP	tracking_square: pos = [-0.0011111111111111111,0.046444444444444455]
44.28790000000026	EXP	tracking_square: pos = [0.0021111111111110858,-0.03244444444444443]
44.33035999999993	EXP	tracking_square: pos = [0.0021111111111110858,-0.03244444444444443]
44.334294999999656	EXP	tracking_square: pos = [0.0021111111111110858,-0.03244444444444443]
44.351534999999785	EXP	tracking_square: pos = [-0.008333333333333333,-0.08099999999999997]
44.39429999999993	EXP	tracking_square: pos = [-0.008333333333333333,-0.08099999999999997]
44.41040499999963	EXP	tracking_square: pos = [0,-0.12555555555555556]
44.452110000000175	EXP	tracking_square: pos = [0,-0.12555555555555556]
44.470124999999825	EXP	tracking_square: pos = [-0.004666666666666717,-0.15133333333333338]
44.51328000000012	EXP	tracking_square: pos = [-0.004666666666666717,-0.15133333333333338]
44.52894500000002	EXP	tracking_square: pos = [-0.010999999999999975,-0.16277777777777777]
44.56841499999973	EXP	tracking_square: pos = [-0.010999999999999975,-0.16277777777777777]
44.58567000000039	EXP	tracking_square: pos = [-0.02544444444444442,-0.1714444444444444]
44.62548499999957	EXP	tracking_square: pos = [-0.02544444444444442,-0.1714444444444444]
44.64180000000033	EXP	tracking_square: pos = [-0.027111111111111086,-0.15011111111111114]
44.68410500000027	EXP	tracking_square: pos = [-0.027111111111111086,-0.15011111111111114]
44.70311500000025	EXP	tracking_square: pos = [-0.033666666666666616,-0.1478888888888889]
44.74632500000007	EXP	tracking_square: pos = [-0.033666666666666616,-0.1478888888888889]
44.7637850000001	EXP	tracking_square: pos = [-0.0432222222222222,-0.1624444444444445]
44.80213499999991	EXP	tracking_square: pos = [-0.0432222222222222,-0.1624444444444445]
44.81782000000021	EXP	tracking_square: pos = [-0.040999999999999974,-0.15588888888888883]
44.8581750000003	EXP	tracking_square: pos = [-0.040999999999999974,-0.15588888888888883]
44.87475499999982	EXP	tracking_square: pos = [-0.05,-0.1625555555555555]
44.91720499999974	EXP	tracking_square: pos = [-0.05,-0.1625555555555555]
44.93633500000033	EXP	tracking_square: pos = [-0.059000000000000025,-0.1778888888888889]
44.98064499999964	EXP	tracking_square: pos = [-0.059000000000000025,-0.1778888888888889]
44.995654999999715	EXP	tracking_square: pos = [-0.0661111111111111,-0.18211111111111108]
45.03240000000005	EXP	tracking_square: pos = [-0.0661111111111111,-0.18211111111111108]
45.046150000000125	EXP	tracking_square: pos = [-0.03266666666666664,-0.21222222222222223]
45.08374999999978	EXP	tracking_square: pos = [-0.03266666666666664,-0.21222222222222223]
45.100734999999986	EXP	tracking_square: pos = [0.014777777777777727,-0.23622222222222225]
45.1392249999999	EXP	tracking_square: pos = [0.014777777777777727,-0.23622222222222225]
45.1542300000001	EXP	tracking_square: pos = [-0.009000000000000025,-0.2627777777777778]
45.19436500000029	EXP	tracking_square: pos = [-0.009000000000000025,-0.2627777777777778]
45.20983499999966	EXP	tracking_square: pos = [0.0022222222222222222,-0.2873333333333334]
45.24863000000005	EXP	tracking_square: pos = [0.0022222222222222222,-0.2873333333333334]
45.267925000000105	EXP	tracking_square: pos = [0.00844444444444447,-0.2678888888888889]
45.31030499999997	EXP	tracking_square: pos = [0.00844444444444447,-0.2678888888888889]
45.32601499999964	EXP	tracking_square: pos = [-0.02455555555555558,-0.26188888888888895]
45.36713499999951	EXP	tracking_square: pos = [-0.02455555555555558,-0.26188888888888895]
45.381430000000364	EXP	tracking_square: pos = [-0.02,-0.2602222222222223]
45.42152999999962	EXP	tracking_square: pos = [-0.02,-0.2602222222222223]
45.4262149999995	EXP	tracking_square: pos = [-0.02,-0.2602222222222223]
45.44281500000034	EXP	tracking_square: pos = [-0.02155555555555553,-0.2554444444444444]
45.48192999999992	EXP	tracking_square: pos = [-0.02155555555555553,-0.2554444444444444]
45.50114500000018	EXP	tracking_square: pos = [-0.020444444444444418,-0.24977777777777774]
45.540264999999636	EXP	tracking_square: pos = [-0.020444444444444418,-0.24977777777777774]
45.554825000000164	EXP	tracking_square: pos = [-0.02699999999999995,-0.23722222222222222]
45.59254499999952	EXP	tracking_square: pos = [-0.02699999999999995,-0.23722222222222222]
45.60922500000015	EXP	tracking_square: pos = [0.006111111111111111,-0.23811111111111105]
45.653134999999565	EXP	tracking_square: pos = [0.006111111111111111,-0.23811111111111105]
45.671330000000125	EXP	tracking_square: pos = [0.03933333333333331,-0.2453333333333333]
45.714514999999665	EXP	tracking_square: pos = [0.03933333333333331,-0.2453333333333333]
45.73671999999988	EXP	tracking_square: pos = [0.13033333333333327,-0.21077777777777784]
45.80464000000029	EXP	tracking_square: pos = [0.13033333333333327,-0.21077777777777784]
45.82590499999969	EXP	tracking_square: pos = [0.17900000000000002,-0.15377777777777776]
45.88292499999989	EXP	tracking_square: pos = [0.17900000000000002,-0.15377777777777776]
45.93676500000038	EXP	tracking_square: pos = [0.27544444444444444,-0.1238888888888889]
45.980499999999665	EXP	tracking_square: pos = [0.27544444444444444,-0.1238888888888889]
46.02517999999964	EXP	tracking_square: pos = [0.35588888888888887,-0.05477777777777779]
46.06919999999991	EXP	tracking_square: pos = [0.35588888888888887,-0.05477777777777779]
46.086865000000216	EXP	tracking_square: pos = [0.4115555555555557,0.003666666666666679]
46.12864499999978	EXP	tracking_square: pos = [0.4115555555555557,0.003666666666666679]
46.14695500000016	EXP	tracking_square: pos = [0.46922222222222215,0.05922222222222223]
46.18773499999952	EXP	tracking_square: pos = [0.46922222222222215,0.05922222222222223]
46.20510000000013	EXP	tracking_square: pos = [0.5465555555555557,0.11488888888888886]
46.24867499999982	EXP	tracking_square: pos = [0.5465555555555557,0.11488888888888886]
46.267815000000155	EXP	tracking_square: pos = [0.6185555555555556,0.14866666666666667]
46.307974999999715	EXP	tracking_square: pos = [0.6185555555555556,0.14866666666666667]
46.326584999999795	EXP	tracking_square: pos = [0.6335555555555556,0.21711111111111112]
46.36979499999961	EXP	tracking_square: pos = [0.6335555555555556,0.21711111111111112]
46.38731999999982	EXP	tracking_square: pos = [0.6613333333333333,0.2772222222222222]
46.42928000000029	EXP	tracking_square: pos = [0.6613333333333333,0.2772222222222222]
46.44469500000014	EXP	tracking_square: pos = [0.685,0.3058888888888889]
46.48912500000006	EXP	tracking_square: pos = [0.685,0.3058888888888889]
46.505269999999655	EXP	tracking_square: pos = [0.7273333333333333,0.28966666666666663]
46.54570499999954	EXP	tracking_square: pos = [0.7273333333333333,0.28966666666666663]
46.56388499999957	EXP	tracking_square: pos = [0.6965555555555557,0.2962222222222222]
46.6090750000003	EXP	tracking_square: pos = [0.6965555555555557,0.2962222222222222]
46.6254799999997	EXP	tracking_square: pos = [0.7095555555555555,0.29255555555555557]
46.66687000000002	EXP	tracking_square: pos = [0.7095555555555555,0.29255555555555557]
46.67280000000028	EXP	tracking_square: pos = [0.7095555555555555,0.29255555555555557]
46.6899199999998	EXP	tracking_square: pos = [0.7121111111111113,0.27566666666666667]
46.73049499999979	EXP	tracking_square: pos = [0.7121111111111113,0.27566666666666667]
46.7472600000001	EXP	tracking_square: pos = [0.7291111111111112,0.2707777777777778]
46.78766999999971	EXP	tracking_square: pos = [0.7291111111111112,0.2707777777777778]
46.80571499999951	EXP	tracking_square: pos = [0.7628888888888888,0.2708888888888889]
46.847085000000334	EXP	tracking_square: pos = [0.7628888888888888,0.2708888888888889]
46.86432499999955	EXP	tracking_square: pos = [0.7874444444444445,0.27922222222222226]
46.906670000000304	EXP	tracking_square: pos = [0.7874444444444445,0.27922222222222226]
46.92224499999975	EXP	tracking_square: pos = [0.7844444444444445,0.26966666666666667]
46.96472499999982	EXP	tracking_square: pos = [0.7844444444444445,0.26966666666666667]
46.98270500000035	EXP	tracking_square: pos = [0.7972222222222223,0.27466666666666667]
47.02768500000002	EXP	tracking_square: pos = [0.7972222222222223,0.27466666666666667]
47.04377999999997	EXP	tracking_square: pos = [0.7902222222222223,0.28744444444444445]
47.093950000000405	EXP	tracking_square: pos = [0.7902222222222223,0.28744444444444445]
47.11106999999993	EXP	tracking_square: pos = [0.7834444444444444,0.31077777777777776]
47.15504499999952	EXP	tracking_square: pos = [0.7834444444444444,0.31077777777777776]
47.170970000000125	EXP	tracking_square: pos = [0.791888888888889,0.31966666666666665]
47.21468499999992	EXP	tracking_square: pos = [0.791888888888889,0.31966666666666665]
47.23134500000015	EXP	tracking_square: pos = [0.7772222222222223,0.3228888888888889]
47.27232999999978	EXP	tracking_square: pos = [0.7772222222222223,0.3228888888888889]
47.289670000000115	EXP	tracking_square: pos = [0.7494444444444445,0.3363333333333333]
47.33635500000037	EXP	tracking_square: pos = [0.7494444444444445,0.3363333333333333]
47.35067999999956	EXP	tracking_square: pos = [0.7525555555555555,0.33566666666666667]
47.39939500000037	EXP	tracking_square: pos = [0.7525555555555555,0.33566666666666667]
47.415899999999965	EXP	tracking_square: pos = [0.7252222222222223,0.33466666666666667]
47.461919999999736	EXP	tracking_square: pos = [0.7252222222222223,0.33466666666666667]
47.47833999999966	EXP	tracking_square: pos = [0.7187777777777778,0.3341111111111111]
47.52199000000019	EXP	tracking_square: pos = [0.7187777777777778,0.3341111111111111]
47.537500000000364	EXP	tracking_square: pos = [0.7373333333333333,0.3384444444444445]
47.58061499999985	EXP	tracking_square: pos = [0.7373333333333333,0.3384444444444445]
47.598315000000184	EXP	tracking_square: pos = [0.7317777777777776,0.3252222222222222]
47.639154999999846	EXP	tracking_square: pos = [0.7317777777777776,0.3252222222222222]
47.654545000000326	EXP	tracking_square: pos = [0.7621111111111112,0.30277777777777776]
47.69355999999971	EXP	tracking_square: pos = [0.7621111111111112,0.30277777777777776]
47.71022999999968	EXP	tracking_square: pos = [0.7686666666666666,0.29688888888888887]
47.74895000000015	EXP	tracking_square: pos = [0.7686666666666666,0.29688888888888887]
47.76441999999952	EXP	tracking_square: pos = [0.7783333333333333,0.2908888888888889]
47.803665000000365	EXP	tracking_square: pos = [0.7783333333333333,0.2908888888888889]
47.807560000000194	EXP	tracking_square: pos = [0.7783333333333333,0.2908888888888889]
47.82441999999992	EXP	tracking_square: pos = [0.7813333333333334,0.2691111111111111]
47.86394500000006	EXP	tracking_square: pos = [0.7813333333333334,0.2691111111111111]
47.88083999999981	EXP	tracking_square: pos = [0.8067777777777777,0.23755555555555558]
47.91852000000017	EXP	tracking_square: pos = [0.8067777777777777,0.23755555555555558]
47.93393999999989	EXP	tracking_square: pos = [0.7860000000000001,0.19688888888888886]
47.97189499999968	EXP	tracking_square: pos = [0.7860000000000001,0.19688888888888886]
47.985999999999876	EXP	tracking_square: pos = [0.7773333333333332,0.1686666666666667]
48.02526500000022	EXP	tracking_square: pos = [0.7773333333333332,0.1686666666666667]
48.0295500000002	EXP	tracking_square: pos = [0.7773333333333332,0.1686666666666667]
48.0454550000004	EXP	tracking_square: pos = [0.7684444444444444,0.14355555555555555]
48.08483499999966	EXP	tracking_square: pos = [0.7684444444444444,0.14355555555555555]
48.10121999999956	EXP	tracking_square: pos = [0.7533333333333333,0.10166666666666667]
48.1449649999995	EXP	tracking_square: pos = [0.7533333333333333,0.10166666666666667]
48.16168999999991	EXP	tracking_square: pos = [0.7125555555555555,0.061444444444444454]
48.201584999999795	EXP	tracking_square: pos = [0.7125555555555555,0.061444444444444454]
48.21580999999969	EXP	tracking_square: pos = [0.6465555555555557,0.017222222222222222]
48.25634499999978	EXP	tracking_square: pos = [0.6465555555555557,0.017222222222222222]
48.27338499999951	EXP	tracking_square: pos = [0.6046666666666667,-0.03877777777777775]
48.319664999999986	EXP	tracking_square: pos = [0.6046666666666667,-0.03877777777777775]
48.33519999999953	EXP	tracking_square: pos = [0.5333333333333333,-0.09566666666666669]
48.37989999999991	EXP	tracking_square: pos = [0.5333333333333333,-0.09566666666666669]
48.39644500000031	EXP	tracking_square: pos = [0.5010000000000001,-0.16322222222222219]
48.432284999999865	EXP	tracking_square: pos = [0.5010000000000001,-0.16322222222222219]
48.44859499999984	EXP	tracking_square: pos = [0.3657777777777778,-0.20533333333333328]
48.4874549999995	EXP	tracking_square: pos = [0.3657777777777778,-0.20533333333333328]
48.503060000000005	EXP	tracking_square: pos = [0.24188888888888893,-0.2264444444444444]
48.54832499999975	EXP	tracking_square: pos = [0.24188888888888893,-0.2264444444444444]
48.56596499999978	EXP	tracking_square: pos = [0.11433333333333331,-0.2547777777777777]
48.610515000000305	EXP	tracking_square: pos = [0.11433333333333331,-0.2547777777777777]
48.626774999999725	EXP	tracking_square: pos = [0.0031111111111110606,-0.2776666666666666]
48.671510000000126	EXP	tracking_square: pos = [0.0031111111111110606,-0.2776666666666666]
48.6880199999996	EXP	tracking_square: pos = [-0.10699999999999996,-0.2578888888888889]
48.733634999999595	EXP	tracking_square: pos = [-0.10699999999999996,-0.2578888888888889]
48.749909999999545	EXP	tracking_square: pos = [-0.21977777777777774,-0.26144444444444437]
48.79556500000035	EXP	tracking_square: pos = [-0.21977777777777774,-0.26144444444444437]
48.814650000000256	EXP	tracking_square: pos = [-0.31344444444444447,-0.25222222222222224]
48.85429500000009	EXP	tracking_square: pos = [-0.31344444444444447,-0.25222222222222224]
48.87173999999959	EXP	tracking_square: pos = [-0.4108888888888889,-0.23]
48.91639000000032	EXP	tracking_square: pos = [-0.4108888888888889,-0.23]
48.93404499999997	EXP	tracking_square: pos = [-0.4595555555555556,-0.20522222222222228]
48.978759999999966	EXP	tracking_square: pos = [-0.4595555555555556,-0.20522222222222228]
48.995710000000145	EXP	tracking_square: pos = [-0.5233333333333333,-0.16655555555555554]
49.039464999999836	EXP	tracking_square: pos = [-0.5233333333333333,-0.16655555555555554]
49.04457000000002	EXP	tracking_square: pos = [-0.5233333333333333,-0.16655555555555554]
49.061319999999796	EXP	tracking_square: pos = [-0.549,-0.14900000000000002]
49.10548999999992	EXP	tracking_square: pos = [-0.549,-0.14900000000000002]
49.11103000000003	EXP	tracking_square: pos = [-0.549,-0.14900000000000002]
49.12860999999975	EXP	tracking_square: pos = [-0.5242222222222223,-0.11733333333333336]
49.16741499999989	EXP	tracking_square: pos = [-0.5242222222222223,-0.11733333333333336]
49.18441999999959	EXP	tracking_square: pos = [-0.4832222222222222,-0.0864444444444444]
49.23113999999987	EXP	tracking_square: pos = [-0.4832222222222222,-0.0864444444444444]
49.24783500000012	EXP	tracking_square: pos = [-0.5125555555555555,-0.0667777777777778]
49.28966000000037	EXP	tracking_square: pos = [-0.5125555555555555,-0.0667777777777778]
49.313530000000355	EXP	tracking_square: pos = [-0.5285555555555556,-0.06222222222222222]
49.352679999999964	EXP	tracking_square: pos = [-0.5285555555555556,-0.06222222222222222]
49.358000000000175	EXP	tracking_square: pos = [-0.5285555555555556,-0.06222222222222222]
49.37921000000006	EXP	tracking_square: pos = [-0.5241111111111111,-0.044444444444444446]
49.417365000000245	EXP	tracking_square: pos = [-0.5241111111111111,-0.044444444444444446]
49.43494499999997	EXP	tracking_square: pos = [-0.5261111111111111,-0.020555555555555556]
49.47282499999983	EXP	tracking_square: pos = [-0.5261111111111111,-0.020555555555555556]
49.48806499999955	EXP	tracking_square: pos = [-0.5482222222222222,-0.011444444444444457]
49.529295000000275	EXP	tracking_square: pos = [-0.5482222222222222,-0.011444444444444457]
49.545804999999746	EXP	tracking_square: pos = [-0.5411111111111111,-0.0009999999999999747]
49.58781999999974	EXP	tracking_square: pos = [-0.5411111111111111,-0.0009999999999999747]
49.605279999999766	EXP	tracking_square: pos = [-0.5621111111111111,0.014222222222222235]
49.64562500000011	EXP	tracking_square: pos = [-0.5621111111111111,0.014222222222222235]
49.66273000000001	EXP	tracking_square: pos = [-0.5251111111111111,0.059555555555555584]
49.702690000000075	EXP	tracking_square: pos = [-0.5251111111111111,0.059555555555555584]
49.71934499999952	EXP	tracking_square: pos = [-0.5525555555555556,0.0958888888888889]
49.75998499999969	EXP	tracking_square: pos = [-0.5525555555555556,0.0958888888888889]
49.780259999999544	EXP	tracking_square: pos = [-0.6398888888888888,0.12988888888888886]
49.81972500000029	EXP	tracking_square: pos = [-0.6398888888888888,0.12988888888888886]
49.83728499999961	EXP	tracking_square: pos = [-0.6855555555555556,0.16966666666666666]
49.879855000000134	EXP	tracking_square: pos = [-0.6855555555555556,0.16966666666666666]
49.89516000000003	EXP	tracking_square: pos = [-0.7627777777777778,0.21466666666666664]
49.93542999999954	EXP	tracking_square: pos = [-0.7627777777777778,0.21466666666666664]
49.951294999999845	EXP	tracking_square: pos = [-0.8336666666666667,0.267]
49.990060000000085	EXP	tracking_square: pos = [-0.8336666666666667,0.267]
50.00640999999996	EXP	tracking_square: pos = [-0.9228888888888889,0.3054444444444444]
50.049740000000384	EXP	tracking_square: pos = [-0.9228888888888889,0.3054444444444444]
50.06692500000008	EXP	tracking_square: pos = [-1.0266666666666666,0.3433333333333333]
50.10552999999982	EXP	tracking_square: pos = [-1.0266666666666666,0.3433333333333333]
50.122299999999996	EXP	tracking_square: pos = [-1.163,0.3913333333333333]
50.166675000000396	EXP	tracking_square: pos = [-1.163,0.3913333333333333]
50.184425000000374	EXP	tracking_square: pos = [-1.2682222222222224,0.42377777777777775]
50.22844499999974	EXP	tracking_square: pos = [-1.2682222222222224,0.42377777777777775]
50.2325350000001	EXP	tracking_square: pos = [-1.2682222222222224,0.42377777777777775]
50.25075000000015	EXP	tracking_square: pos = [-1.3625555555555555,0.44077777777777777]
50.2969949999997	EXP	tracking_square: pos = [-1.3625555555555555,0.44077777777777777]
50.314650000000256	EXP	tracking_square: pos = [-1.4292222222222222,0.45033333333333336]
50.35797999999977	EXP	tracking_square: pos = [-1.4292222222222222,0.45033333333333336]
50.377104999999574	EXP	tracking_square: pos = [-1.500888888888889,0.4584444444444445]
50.417859999999564	EXP	tracking_square: pos = [-1.500888888888889,0.4584444444444445]
50.43645000000015	EXP	tracking_square: pos = [-1.5410000000000001,0.46755555555555556]
50.47898499999974	EXP	tracking_square: pos = [-1.5410000000000001,0.46755555555555556]
50.49564499999997	EXP	tracking_square: pos = [-1.5194444444444444,0.4524444444444444]
50.54331000000002	EXP	tracking_square: pos = [-1.5194444444444444,0.4524444444444444]
50.56022500000017	EXP	tracking_square: pos = [-1.4489999999999998,0.42966666666666664]
50.60340999999971	EXP	tracking_square: pos = [-1.4489999999999998,0.42966666666666664]
50.62035999999989	EXP	tracking_square: pos = [-1.325111111111111,0.41700000000000004]
50.66532499999994	EXP	tracking_square: pos = [-1.325111111111111,0.41700000000000004]
50.68235999999979	EXP	tracking_square: pos = [-1.143888888888889,0.39533333333333337]
50.728070000000116	EXP	tracking_square: pos = [-1.143888888888889,0.39533333333333337]
50.743695000000116	EXP	tracking_square: pos = [-0.9658888888888888,0.35188888888888886]
50.789144999999735	EXP	tracking_square: pos = [-0.9658888888888888,0.35188888888888886]
50.807270000000244	EXP	tracking_square: pos = [-0.8221111111111111,0.3332222222222222]
50.853360000000066	EXP	tracking_square: pos = [-0.8221111111111111,0.3332222222222222]
50.87299999999959	EXP	tracking_square: pos = [-0.6674444444444445,0.3257777777777778]
50.91804500000035	EXP	tracking_square: pos = [-0.6674444444444445,0.3257777777777778]
50.93530499999997	EXP	tracking_square: pos = [-0.5197777777777778,0.2997777777777778]
50.979465000000346	EXP	tracking_square: pos = [-0.5197777777777778,0.2997777777777778]
50.99359999999979	EXP	tracking_square: pos = [-0.32988888888888884,0.28811111111111115]
51.036739999999554	EXP	tracking_square: pos = [-0.32988888888888884,0.28811111111111115]
51.05298000000039	EXP	tracking_square: pos = [-0.16688888888888895,0.2832222222222222]
51.099339999999756	EXP	tracking_square: pos = [-0.16688888888888895,0.2832222222222222]
51.13968999999997	EXP	tracking_square: pos = [-0.03922222222222217,0.24255555555555558]
51.18472500000007	EXP	tracking_square: pos = [-0.03922222222222217,0.24255555555555558]
51.20212999999967	EXP	tracking_square: pos = [0.04133333333333338,0.22733333333333333]
51.2492000000002	EXP	tracking_square: pos = [0.04133333333333338,0.22733333333333333]
51.267109999999775	EXP	tracking_square: pos = [0.08655555555555552,0.2038888888888889]
51.31107499999962	EXP	tracking_square: pos = [0.08655555555555552,0.2038888888888889]
51.33064999999988	EXP	tracking_square: pos = [0.07244444444444449,0.18866666666666668]
51.376070000000254	EXP	tracking_square: pos = [0.07244444444444449,0.18866666666666668]
51.39357000000018	EXP	tracking_square: pos = [0.06644444444444439,0.1688888888888889]
51.448325000000295	EXP	tracking_square: pos = [0.06644444444444439,0.1688888888888889]
51.474005000000034	EXP	tracking_square: pos = [0.07411111111111116,0.16255555555555556]
51.51778000000013	EXP	tracking_square: pos = [0.07411111111111116,0.16255555555555556]
51.535415000000285	EXP	tracking_square: pos = [0.06388888888888888,0.13466666666666666]
51.5767450000003	EXP	tracking_square: pos = [0.06388888888888888,0.13466666666666666]
51.5933500000001	EXP	tracking_square: pos = [0.02722222222222222,0.1295555555555556]
51.63427500000034	EXP	tracking_square: pos = [0.02722222222222222,0.1295555555555556]
51.65183999999954	EXP	tracking_square: pos = [0.014888888888888863,0.11155555555555553]
51.69454500000029	EXP	tracking_square: pos = [0.014888888888888863,0.11155555555555553]
51.71475499999997	EXP	tracking_square: pos = [0.017222222222222222,0.0706666666666667]
51.755449999999655	EXP	tracking_square: pos = [0.017222222222222222,0.0706666666666667]
51.77433000000019	EXP	tracking_square: pos = [0.010888888888888839,0.05633333333333332]
51.818584999999985	EXP	tracking_square: pos = [0.010888888888888839,0.05633333333333332]
51.83667499999956	EXP	tracking_square: pos = [-0.02466666666666672,0.012444444444444432]
51.87877500000013	EXP	tracking_square: pos = [-0.02466666666666672,0.012444444444444432]
51.89289000000008	EXP	tracking_square: pos = [-0.05400000000000003,-0.04844444444444447]
51.93309500000032	EXP	tracking_square: pos = [-0.05400000000000003,-0.04844444444444447]
51.947549999999865	EXP	tracking_square: pos = [-0.0514444444444444,-0.08166666666666667]
51.98628000000008	EXP	tracking_square: pos = [-0.0514444444444444,-0.08166666666666667]
52.00256499999978	EXP	tracking_square: pos = [-0.08066666666666669,-0.12622222222222224]
52.04133499999989	EXP	tracking_square: pos = [-0.08066666666666669,-0.12622222222222224]
52.05721999999969	EXP	tracking_square: pos = [-0.10122222222222224,-0.19844444444444448]
52.099129999999604	EXP	tracking_square: pos = [-0.10122222222222224,-0.19844444444444448]
52.11440500000026	EXP	tracking_square: pos = [-0.16099999999999998,-0.26522222222222225]
52.153064999999515	EXP	tracking_square: pos = [-0.16099999999999998,-0.26522222222222225]
52.17289999999957	EXP	tracking_square: pos = [-0.18177777777777782,-0.3163333333333334]
52.21162499999991	EXP	tracking_square: pos = [-0.18177777777777782,-0.3163333333333334]
52.22698000000037	EXP	tracking_square: pos = [-0.19233333333333336,-0.3786666666666666]
52.269140000000334	EXP	tracking_square: pos = [-0.19233333333333336,-0.3786666666666666]
52.286175000000185	EXP	tracking_square: pos = [-0.23377777777777775,-0.42922222222222217]
52.32568999999967	EXP	tracking_square: pos = [-0.23377777777777775,-0.42922222222222217]
52.344224999999824	EXP	tracking_square: pos = [-0.25022222222222223,-0.4711111111111111]
52.38717999999972	EXP	tracking_square: pos = [-0.25022222222222223,-0.4711111111111111]
52.403699999999844	EXP	tracking_square: pos = [-0.301,-0.48511111111111116]
52.44415500000014	EXP	tracking_square: pos = [-0.301,-0.48511111111111116]
52.474105000000236	EXP	tracking_square: pos = [-0.2778888888888889,-0.4811111111111111]
52.604309999999714	EXP	tracking_square: pos = [-0.3428571428571429,-0.7129120879120879]
52.645330000000286	EXP	tracking_square: pos = [-0.3410714285714286,-0.7502747252747254]
52.718534999999974	EXP	tracking_square: pos = [-0.3410714285714286,-0.7502747252747254]
52.74917000000005	EXP	tracking_square: pos = [-0.3276098901098901,-0.7359890109890109]
52.816100000000006	EXP	tracking_square: pos = [-0.3276098901098901,-0.7359890109890109]
52.842695000000276	EXP	tracking_square: pos = [-0.33887362637362634,-0.7458791208791209]
52.91101499999968	EXP	tracking_square: pos = [-0.33887362637362634,-0.7458791208791209]
52.93108500000017	EXP	tracking_square: pos = [-0.29835164835164835,-0.7225274725274725]
52.99419500000022	EXP	tracking_square: pos = [-0.29835164835164835,-0.7225274725274725]
53.00663499999973	EXP	tracking_square: pos = [-0.29835164835164835,-0.7225274725274725]
53.03585999999996	EXP	tracking_square: pos = [-0.25934065934065925,-0.7358516483516484]
53.08703499999956	EXP	tracking_square: pos = [-0.25934065934065925,-0.7358516483516484]
53.108320000000276	EXP	tracking_square: pos = [-0.2509615384615385,-0.7429945054945054]
53.15513999999985	EXP	tracking_square: pos = [-0.2509615384615385,-0.7429945054945054]
53.173165000000154	EXP	tracking_square: pos = [-0.20673076923076922,-0.7395604395604395]
53.21780000000035	EXP	tracking_square: pos = [-0.20673076923076922,-0.7395604395604395]
53.235225000000355	EXP	tracking_square: pos = [-0.19958791208791202,-0.726923076923077]
53.285055000000284	EXP	tracking_square: pos = [-0.19958791208791202,-0.726923076923077]
53.313500000000204	EXP	tracking_square: pos = [-0.11456043956043953,-0.7229395604395604]
53.35766499999954	EXP	tracking_square: pos = [-0.11456043956043953,-0.7229395604395604]
53.38201500000014	EXP	tracking_square: pos = [-0.09052197802197799,-0.676510989010989]
53.4234749999996	EXP	tracking_square: pos = [-0.09052197802197799,-0.676510989010989]
53.44399499999963	EXP	tracking_square: pos = [-0.07458791208791203,-0.5984890109890111]
53.47095999999965	DATA	Keydown: Escape
