0.08408500000041386	EXP	Created Window = Window( name=Window, fullscr=true, color=#808080, units=height, waitBlanking=true, autoLog=true, size=[1440,728] )
1.9532349999990402	EXP	Created loading_text = TextStim( name=loading_text, win=Window( name=Window, fullscr=true, color=#808080, ~), autoDraw=null, autoLog=true, units=height, pos=[0,0], size=undefined, ori=null, opacity=1, depth=-1, clipMask=null, boundingBox={"x":-0.49327037098643545,"y":-0.22802197802197802~, text=Downloading additional resources. 

One moment ple~, alignHoriz=center, alignVert=center, flipHoriz=null, flipVert=null, font=Arial, height=0.1, wrapWidth=1, bold=null, italic=null, color=#FFFFFF, contrast=1 )
1.9631200000003446	EXP	Created intro_text = TextStim( name=intro_text, win=Window( name=Window, fullscr=true, color=#808080, ~), autoDraw=null, autoLog=true, units=height, pos=[0,0], size=undefined, ori=null, opacity=1, depth=null, clipMask=null, boundingBox={"x":-0.46168333619505497,"y":-0.23351648351648352~, text=demo_eye_tracking: starting webcam

This experimen~, alignHoriz=center, alignVert=center, flipHoriz=null, flipVert=null, font=Arial, height=0.04, wrapWidth=1, bold=null, italic=null, color=#FFFFFF, contrast=1 )
1.9663799999998446	EXP	Created calibration_text = TextStim( name=calibration_text, win=Window( name=Window, fullscr=true, color=#808080, ~), autoDraw=null, autoLog=true, units=height, pos=[0,0], size=undefined, ori=null, opacity=1, depth=null, clipMask=null, boundingBox={"x":-0.49897045093578296,"y":-0.3269230769230769,~, text=demo_eye_tracking: calibration

Now we'll calibrat~, alignHoriz=center, alignVert=center, flipHoriz=null, flipVert=null, font=Arial, height=0.04, wrapWidth=1, bold=null, italic=null, color=#FFFFFF, contrast=1 )
1.9795500000000175	EXP	Created calibration_square = Rect( name=calibration_square, win=Window( name=Window, fullscr=true, color=#808080, ~), autoDraw=null, autoLog=true, units=height, pos=[0,0], size=[1,1], ori=null, opacity=1, depth=null, clipMask=null, boundingBox={"x":-0.01,"y":-0.01,"width":0.02,"height":0.02,"t~, vertices=[[-0.01,-0.01],[0.01,-0.01],[0.01,0.01],[-0.01,0.0~, closeShape=true, interpolate=true, lineWidth=null, lineColor=#ffffff, fillColor=#ffffff, contrast=1, width=0.02, height=0.02 )
2.002699999999095	EXP	Created tracking_square = Rect( name=tracking_square, win=Window( name=Window, fullscr=true, color=#808080, ~), autoDraw=null, autoLog=true, units=height, pos=[0,0], size=[1,1], ori=null, opacity=1, depth=null, clipMask=null, boundingBox={"x":-0.01,"y":-0.01,"width":0.02,"height":0.02,"t~, vertices=[[-0.01,-0.01],[0.01,-0.01],[0.01,0.01],[-0.01,0.0~, closeShape=true, interpolate=true, lineWidth=1.5, lineColor=#ffffff, fillColor=#000000, contrast=1, width=0.02, height=0.02 )
2.0531149999987974	EXP	loading_text: units = height
2.0531149999987974	EXP	loading_text: pos = [0,0]
2.0531149999987974	EXP	loading_text: size = undefined
2.0531149999987974	EXP	loading_text: ori = null
2.0531149999987974	EXP	loading_text: opacity = 1
2.0531149999987974	EXP	loading_text: depth = -1
2.0531149999987974	EXP	loading_text: clipMask = null
2.0531149999987974	EXP	loading_text: boundingBox = {"x":0,"y":0,"width":0,"height":0,"type":1}
2.0531149999987974	EXP	loading_text: text = Downloading additional resources. 

One moment please...
2.0531149999987974	EXP	loading_text: alignHoriz = center
2.0531149999987974	EXP	loading_text: alignVert = center
2.0531149999987974	EXP	loading_text: flipHoriz = null
2.0531149999987974	EXP	loading_text: flipVert = null
2.0531149999987974	EXP	loading_text: font = Arial
2.0531149999987974	EXP	loading_text: height = 0.1
2.0531149999987974	EXP	loading_text: wrapWidth = 1
2.0531149999987974	EXP	loading_text: bold = null
2.0531149999987974	EXP	loading_text: italic = null
2.0531149999987974	EXP	loading_text: color = #FFFFFF
2.0531149999987974	EXP	loading_text: contrast = 1
2.0531149999987974	EXP	intro_text: units = height
2.0531149999987974	EXP	intro_text: pos = [0,0]
2.0531149999987974	EXP	intro_text: size = undefined
2.0531149999987974	EXP	intro_text: ori = null
2.0531149999987974	EXP	intro_text: opacity = 1
2.0531149999987974	EXP	intro_text: depth = null
2.0531149999987974	EXP	intro_text: clipMask = null
2.0531149999987974	EXP	intro_text: boundingBox = {"x":0,"y":0,"width":0,"height":0,"type":1}
2.0531149999987974	EXP	intro_text: text = demo_eye_tracking: starting webcam

This experiment demonstrates eye tracking via the webgazer library. 

You should see your web-browser request access to your webcam. You might need to click on this text to make that happen. Please permit access, and wait a little while. Your webcam video should appear in the top-left of the screen.
2.0531149999987974	EXP	intro_text: alignHoriz = center
2.0531149999987974	EXP	intro_text: alignVert = center
2.0531149999987974	EXP	intro_text: flipHoriz = null
2.0531149999987974	EXP	intro_text: flipVert = null
2.0531149999987974	EXP	intro_text: font = Arial
2.0531149999987974	EXP	intro_text: height = 0.04
2.0531149999987974	EXP	intro_text: wrapWidth = 1
2.0531149999987974	EXP	intro_text: bold = null
2.0531149999987974	EXP	intro_text: italic = null
2.0531149999987974	EXP	intro_text: color = #FFFFFF
2.0531149999987974	EXP	intro_text: contrast = 1
2.0531149999987974	EXP	calibration_text: units = height
2.0531149999987974	EXP	calibration_text: pos = [0,0]
2.0531149999987974	EXP	calibration_text: size = undefined
2.0531149999987974	EXP	calibration_text: ori = null
2.0531149999987974	EXP	calibration_text: opacity = 1
2.0531149999987974	EXP	calibration_text: depth = null
2.0531149999987974	EXP	calibration_text: clipMask = null
2.0531149999987974	EXP	calibration_text: boundingBox = {"x":0,"y":0,"width":0,"height":0,"type":1}
2.0531149999987974	EXP	calibration_text: text = demo_eye_tracking: calibration

Now we'll calibrate the eye tracker. Please try to keep your head still and within the rectangle you see in your webcam video. When you do so, the rectangle turns green.

In the next part of this experiment, the webcam video disappears. It will reappear when your head is too from the rectangle. If this happens, please move back into view. White squares appears at different locations on the screen. Please click each square with your mouse.

Click anywhere to continue...
2.0531149999987974	EXP	calibration_text: alignHoriz = center
2.0531149999987974	EXP	calibration_text: alignVert = center
2.0531149999987974	EXP	calibration_text: flipHoriz = null
2.0531149999987974	EXP	calibration_text: flipVert = null
2.0531149999987974	EXP	calibration_text: font = Arial
2.0531149999987974	EXP	calibration_text: height = 0.04
2.0531149999987974	EXP	calibration_text: wrapWidth = 1
2.0531149999987974	EXP	calibration_text: bold = null
2.0531149999987974	EXP	calibration_text: italic = null
2.0531149999987974	EXP	calibration_text: color = #FFFFFF
2.0531149999987974	EXP	calibration_text: contrast = 1
2.0531149999987974	EXP	calibration_square: units = height
2.0531149999987974	EXP	calibration_square: pos = [0,0]
2.0531149999987974	EXP	calibration_square: size = undefined
2.0531149999987974	EXP	calibration_square: ori = null
2.0531149999987974	EXP	calibration_square: opacity = 1
2.0531149999987974	EXP	calibration_square: depth = null
2.0531149999987974	EXP	calibration_square: clipMask = null
2.0531149999987974	EXP	calibration_square: boundingBox = {"x":0,"y":0,"width":0,"height":0,"type":1}
2.0531149999987974	EXP	calibration_square: size = [1,1]
2.0531149999987974	EXP	calibration_square: vertices = [[-0.5,0],[0,0.5],[0.5,0]]
2.0531149999987974	EXP	calibration_square: closeShape = true
2.0531149999987974	EXP	calibration_square: interpolate = true
2.0531149999987974	EXP	calibration_square: lineWidth = null
2.0531149999987974	EXP	calibration_square: lineColor = #ffffff
2.0531149999987974	EXP	calibration_square: fillColor = #ffffff
2.0531149999987974	EXP	calibration_square: contrast = 1
2.0531149999987974	EXP	calibration_square: opacity = 1
2.0531149999987974	EXP	calibration_square: width = 0.02
2.0531149999987974	EXP	calibration_square: height = 0.02
2.0531149999987974	EXP	calibration_square: vertices = [[-0.01,-0.01],[0.01,-0.01],[0.01,0.01],[-0.01,0.01]]
2.0531149999987974	EXP	tracking_square: units = height
2.0531149999987974	EXP	tracking_square: pos = [0,0]
2.0531149999987974	EXP	tracking_square: size = undefined
2.0531149999987974	EXP	tracking_square: ori = null
2.0531149999987974	EXP	tracking_square: opacity = 1
2.0531149999987974	EXP	tracking_square: depth = null
2.0531149999987974	EXP	tracking_square: clipMask = null
2.0531149999987974	EXP	tracking_square: boundingBox = {"x":0,"y":0,"width":0,"height":0,"type":1}
2.0531149999987974	EXP	tracking_square: size = [1,1]
2.0531149999987974	EXP	tracking_square: vertices = [[-0.5,0],[0,0.5],[0.5,0]]
2.0531149999987974	EXP	tracking_square: closeShape = true
2.0531149999987974	EXP	tracking_square: interpolate = true
2.0531149999987974	EXP	tracking_square: lineWidth = 1.5
2.0531149999987974	EXP	tracking_square: lineColor = #ffffff
2.0531149999987974	EXP	tracking_square: fillColor = #000000
2.0531149999987974	EXP	tracking_square: contrast = 1
2.0531149999987974	EXP	tracking_square: opacity = 1
2.0531149999987974	EXP	tracking_square: width = 0.02
2.0531149999987974	EXP	tracking_square: height = 0.02
2.0531149999987974	EXP	tracking_square: vertices = [[-0.01,-0.01],[0.01,-0.01],[0.01,0.01],[-0.01,0.01]]
2.0531149999987974	EXP	loading_text: autoDraw = true
2.4883200000003853	EXP	loading_text: autoDraw = null
2.4883200000003853	EXP	intro_text: autoDraw = true
3.1199049999995623	DATA	Mouse: 0 button down, pos=(918.37890625,727.0859375)
3.262464999999793	DATA	Mouse: 0 button down, pos=(918.37890625,727.0859375)
10.572360000000117	DATA	Mouse: 0 button down, pos=(943.85546875,574.9140625)
10.572699999998804	DATA	Mouse: 0 button down, pos=(943.85546875,574.9140625)
10.617549999999028	EXP	intro_text: autoDraw = null
10.617549999999028	EXP	calibration_text: autoDraw = true
12.91028499999993	DATA	Mouse: 0 button down, pos=(1002.09765625,740.921875)
12.973549999998795	EXP	calibration_text: autoDraw = null
12.973549999998795	EXP	calibration_square: pos = [0.7200000000000001,0.15]
12.973549999998795	EXP	calibration_square: autoDraw = true
12.976179999999658	DATA	Mouse: 0 button down, pos=(1002.09765625,740.921875)
15.504399999999805	DATA	Mouse: 0 button down, pos=(1365.58203125,322.50390625)
15.512389999999868	EXP	calibration_square: autoDraw = null
15.512389999999868	EXP	calibration_square: pos = [-0.7200000000000001,0.45]
15.512389999999868	EXP	calibration_square: autoDraw = true
15.645379999999932	DATA	Mouse: 0 button down, pos=(1365.58203125,322.50390625)
27.162725000000137	DATA	Mouse: 0 button down, pos=(630.5,401.32421875)
27.308254999999917	DATA	Mouse: 0 button down, pos=(630.5,401.32421875)
29.11112999999932	DATA	Keydown: Escape
